        fly  mouse     score
0      1981   3039  0.061986
1      5113   1263  0.013628
2      5113  11277  0.018333
3      7232   1035  0.032128
4       892   7374  0.011801
...     ...    ...       ...
26504  7383   2482  0.011553
26505  7383  11712  0.009645
26506  7383  13360  0.059149
26507  7383   6667  0.010000
26508  7383   3209  0.011574

[26509 rows x 3 columns]
Computing Isorank similarity matrices...
Computing pairs...
  EXISTS: ../data/go/go-basic.obo
../data/go/go-basic.obo: fmt(1.2) rel(2022-12-04) 46,763 GO Terms; optional_attrs(relationship)
  EXISTS: ../data/go/go-basic.obo
../data/go/go-basic.obo: fmt(1.2) rel(2022-12-04) 46,763 GO Terms; optional_attrs(relationship)
  EXISTS: ../data/go/go-basic.obo
../data/go/go-basic.obo: fmt(1.2) rel(2022-12-04) 46,763 GO Terms; optional_attrs(relationship)
  EXISTS: ../data/go/go-basic.obo
../data/go/go-basic.obo: fmt(1.2) rel(2022-12-04) 46,763 GO Terms; optional_attrs(relationship)
  EXISTS: ../data/go/go-basic.obo
../data/go/go-basic.obo: fmt(1.2) rel(2022-12-04) 46,763 GO Terms; optional_attrs(relationship)
  EXISTS: ../data/go/go-basic.obo
../data/go/go-basic.obo: fmt(1.2) rel(2022-12-04) 46,763 GO Terms; optional_attrs(relationship)
  EXISTS: ../data/go/go-basic.obo
../data/go/go-basic.obo: fmt(1.2) rel(2022-12-04) 46,763 GO Terms; optional_attrs(relationship)
  EXISTS: ../data/go/go-basic.obo
../data/go/go-basic.obo: fmt(1.2) rel(2022-12-04) 46,763 GO Terms; optional_attrs(relationship)
  EXISTS: ../data/go/go-basic.obo
../data/go/go-basic.obo: fmt(1.2) rel(2022-12-04) 46,763 GO Terms; optional_attrs(relationship)
