       human    fly     score
0       4901   8118  0.018613
1       4901   7406  0.032680
2       4901   5707  0.027991
3      31953    217  0.016766
4      31953   2314  0.019821
...      ...    ...       ...
58072   8513   6454  0.048096
58073   8513    987  0.012134
58074  13028  10986  0.029021
58075  13028   6038  0.029009
58076   1081   9989  0.008397

[58077 rows x 3 columns]
Computing Isorank similarity matrices...
Computing pairs...
  EXISTS: ../data/go/go-basic.obo
../data/go/go-basic.obo: fmt(1.2) rel(2022-12-04) 46,763 GO Terms; optional_attrs(relationship)
  EXISTS: ../data/go/go-basic.obo
../data/go/go-basic.obo: fmt(1.2) rel(2022-12-04) 46,763 GO Terms; optional_attrs(relationship)
  EXISTS: ../data/go/go-basic.obo
../data/go/go-basic.obo: fmt(1.2) rel(2022-12-04) 46,763 GO Terms; optional_attrs(relationship)
  EXISTS: ../data/go/go-basic.obo
../data/go/go-basic.obo: fmt(1.2) rel(2022-12-04) 46,763 GO Terms; optional_attrs(relationship)
  EXISTS: ../data/go/go-basic.obo
../data/go/go-basic.obo: fmt(1.2) rel(2022-12-04) 46,763 GO Terms; optional_attrs(relationship)
  EXISTS: ../data/go/go-basic.obo
../data/go/go-basic.obo: fmt(1.2) rel(2022-12-04) 46,763 GO Terms; optional_attrs(relationship)
  EXISTS: ../data/go/go-basic.obo
../data/go/go-basic.obo: fmt(1.2) rel(2022-12-04) 46,763 GO Terms; optional_attrs(relationship)
  EXISTS: ../data/go/go-basic.obo
../data/go/go-basic.obo: fmt(1.2) rel(2022-12-04) 46,763 GO Terms; optional_attrs(relationship)
  EXISTS: ../data/go/go-basic.obo
../data/go/go-basic.obo: fmt(1.2) rel(2022-12-04) 46,763 GO Terms; optional_attrs(relationship)
