       human    rat     score
0       8147   1431  0.027355
1       8147   6668  0.017599
2       8147   2565  0.022956
3      14139  10085  0.045050
4       9075   9988  0.008254
...      ...    ...       ...
46546  27436   9630  0.143185
46547  27436    392  0.053850
46548  16216   5381  0.017623
46549  16216   9639  0.011263
46550   3419   9310  0.006246

[46551 rows x 3 columns]
Computing Isorank similarity matrices...
Computing pairs...
  EXISTS: ../data/go/go-basic.obo
../data/go/go-basic.obo: fmt(1.2) rel(2022-12-04) 46,763 GO Terms; optional_attrs(relationship)
  EXISTS: ../data/go/go-basic.obo
../data/go/go-basic.obo: fmt(1.2) rel(2022-12-04) 46,763 GO Terms; optional_attrs(relationship)
  EXISTS: ../data/go/go-basic.obo
../data/go/go-basic.obo: fmt(1.2) rel(2022-12-04) 46,763 GO Terms; optional_attrs(relationship)
  EXISTS: ../data/go/go-basic.obo
../data/go/go-basic.obo: fmt(1.2) rel(2022-12-04) 46,763 GO Terms; optional_attrs(relationship)
  EXISTS: ../data/go/go-basic.obo
../data/go/go-basic.obo: fmt(1.2) rel(2022-12-04) 46,763 GO Terms; optional_attrs(relationship)
  EXISTS: ../data/go/go-basic.obo
../data/go/go-basic.obo: fmt(1.2) rel(2022-12-04) 46,763 GO Terms; optional_attrs(relationship)
  EXISTS: ../data/go/go-basic.obo
../data/go/go-basic.obo: fmt(1.2) rel(2022-12-04) 46,763 GO Terms; optional_attrs(relationship)
  EXISTS: ../data/go/go-basic.obo
../data/go/go-basic.obo: fmt(1.2) rel(2022-12-04) 46,763 GO Terms; optional_attrs(relationship)
  EXISTS: ../data/go/go-basic.obo
../data/go/go-basic.obo: fmt(1.2) rel(2022-12-04) 46,763 GO Terms; optional_attrs(relationship)
