       human    fly     score
0       5677   6690  0.018613
1       5677  10280  0.032680
2       5677   4564  0.027991
3       4008   2214  0.016766
4       4008   9679  0.019821
...      ...    ...       ...
58072   1593   7894  0.048096
58073   1593   5036  0.012134
58074   5685  10538  0.029021
58075   5685  10370  0.029009
58076  15220   7068  0.008397

[58077 rows x 3 columns]
Computing Isorank similarity matrices...
Computing pairs...
  EXISTS: ../data/go/go-basic.obo
../data/go/go-basic.obo: fmt(1.2) rel(2022-12-04) 46,763 GO Terms; optional_attrs(relationship)
  EXISTS: ../data/go/go-basic.obo
../data/go/go-basic.obo: fmt(1.2) rel(2022-12-04) 46,763 GO Terms; optional_attrs(relationship)
  EXISTS: ../data/go/go-basic.obo
../data/go/go-basic.obo: fmt(1.2) rel(2022-12-04) 46,763 GO Terms; optional_attrs(relationship)
  EXISTS: ../data/go/go-basic.obo
../data/go/go-basic.obo: fmt(1.2) rel(2022-12-04) 46,763 GO Terms; optional_attrs(relationship)
  EXISTS: ../data/go/go-basic.obo
../data/go/go-basic.obo: fmt(1.2) rel(2022-12-04) 46,763 GO Terms; optional_attrs(relationship)
  EXISTS: ../data/go/go-basic.obo
../data/go/go-basic.obo: fmt(1.2) rel(2022-12-04) 46,763 GO Terms; optional_attrs(relationship)
  EXISTS: ../data/go/go-basic.obo
../data/go/go-basic.obo: fmt(1.2) rel(2022-12-04) 46,763 GO Terms; optional_attrs(relationship)
  EXISTS: ../data/go/go-basic.obo
../data/go/go-basic.obo: fmt(1.2) rel(2022-12-04) 46,763 GO Terms; optional_attrs(relationship)
  EXISTS: ../data/go/go-basic.obo
../data/go/go-basic.obo: fmt(1.2) rel(2022-12-04) 46,763 GO Terms; optional_attrs(relationship)
