[!] Running DSD distance for Species A
[!] Running DSD distance for Species B
[!!] 	Already computed!
[!] Computing the MDS embeddings from the DSD distances for Species A
[!]	 Reconstruction Error: 0.4079395685403675
[!] Computing the MDS embeddings from the DSD distances for Species B
[!!] 	Already computed!
[!] Running ISORANK.
[!!] 	Size of the matchfile: 8358
      bakers   fly     score
0       1136  5187  0.033223
1       4094  5187  0.033033
2       3691  5187  0.044461
3       3193  9760  0.041991
4       1044  5528  0.032133
...      ...   ...       ...
8353    1371  3002  0.031137
8354    4252  1326  0.031469
8355    4294  1326  0.032654
8356    6095  1326  0.035592
8357    3383  1326  0.033863

[8358 rows x 3 columns]
[!] Training the Attention Model and Projecting the MDS embeddings of Species B
     bakers     fly  score
0    P07259  P05990      1
1    P32600  Q9VK45      1
2    P22137  P29742      1
3    P21951  Q9VCN1      1
4    P32639  Q9VUV9      1
..      ...     ...    ...
495  Q12509  P45890      1
496  P38274  Q9U6Y9      1
497  P02406  P41092      1
498  P51401  P50882      1
499  P23285  P15425      1

[500 rows x 3 columns]
[!]	 Training the Attention Model:
[!]		 Epoch 1: Loss : 0.023938946519047023
[!]		 Epoch 11: Loss : 0.006828072772768792
[!]		 Epoch 21: Loss : 0.006785771300055785
[!]		 Epoch 31: Loss : 0.00678059484824189
[!]		 Epoch 41: Loss : 0.006779659750609426
[!]		 Epoch 51: Loss : 0.0067846936582645866
[!]		 Epoch 61: Loss : 0.006778259898419492
[!]		 Epoch 71: Loss : 0.006782486715528648
[!]		 Epoch 81: Loss : 0.006777379509003367
[!]		 Epoch 91: Loss : 0.006771153627632884
[!] Computing the MDS transformed distances between species A and B.
GO: molecular_function, DSD, k: 10 ===> 0.099 +- 0.012
GO: molecular_function, MUNDO2, kA: 10, kB: 20 ===> 0.015 +- 0.003
GO: molecular_function, MUNDO2, kA: 10, kB: 100 ===> 0.048 +- 0.014
GO: molecular_function, DSD, k: 50 ===> 0.237 +- 0.019
GO: molecular_function, MUNDO2, kA: 50, kB: 20 ===> 0.235 +- 0.016
GO: molecular_function, MUNDO2, kA: 50, kB: 100 ===> 0.220 +- 0.015
GO: molecular_function, DSD, k: 10 ===> 0.082 +- 0.006
GO: molecular_function, MUNDO2, kA: 10, kB: 20 ===> 0.060 +- 0.004
GO: molecular_function, MUNDO2, kA: 10, kB: 100 ===> 0.199 +- 0.003
GO: molecular_function, DSD, k: 50 ===> 0.332 +- 0.008
GO: molecular_function, MUNDO2, kA: 50, kB: 20 ===> 0.318 +- 0.006
GO: molecular_function, MUNDO2, kA: 50, kB: 100 ===> 0.310 +- 0.006
GO: biological_process, DSD, k: 10 ===> 0.017 +- 0.007
GO: biological_process, MUNDO2, kA: 10, kB: 20 ===> 0.014 +- 0.004
GO: biological_process, MUNDO2, kA: 10, kB: 100 ===> 0.043 +- 0.005
GO: biological_process, DSD, k: 50 ===> 0.250 +- 0.016
GO: biological_process, MUNDO2, kA: 50, kB: 20 ===> 0.235 +- 0.017
GO: biological_process, MUNDO2, kA: 50, kB: 100 ===> 0.180 +- 0.012
GO: biological_process, DSD, k: 10 ===> 0.026 +- 0.010
GO: biological_process, MUNDO2, kA: 10, kB: 20 ===> 0.028 +- 0.006
GO: biological_process, MUNDO2, kA: 10, kB: 100 ===> 0.051 +- 0.002
GO: biological_process, DSD, k: 50 ===> 0.282 +- 0.008
GO: biological_process, MUNDO2, kA: 50, kB: 20 ===> 0.262 +- 0.007
GO: biological_process, MUNDO2, kA: 50, kB: 100 ===> 0.221 +- 0.005
GO: cellular_component, DSD, k: 10 ===> 0.303 +- 0.105
GO: cellular_component, MUNDO2, kA: 10, kB: 20 ===> 0.365 +- 0.011
GO: cellular_component, MUNDO2, kA: 10, kB: 100 ===> 0.502 +- 0.011
GO: cellular_component, DSD, k: 50 ===> 0.545 +- 0.020
GO: cellular_component, MUNDO2, kA: 50, kB: 20 ===> 0.533 +- 0.019
GO: cellular_component, MUNDO2, kA: 50, kB: 100 ===> 0.516 +- 0.011
GO: cellular_component, DSD, k: 10 ===> 0.297 +- 0.102
GO: cellular_component, MUNDO2, kA: 10, kB: 20 ===> 0.538 +- 0.005
GO: cellular_component, MUNDO2, kA: 10, kB: 100 ===> 0.589 +- 0.007
GO: cellular_component, DSD, k: 50 ===> 0.691 +- 0.008
GO: cellular_component, MUNDO2, kA: 50, kB: 20 ===> 0.682 +- 0.008
GO: cellular_component, MUNDO2, kA: 50, kB: 100 ===> 0.674 +- 0.007
