[!] Running DSD distance for Species A
[!!] 	Already computed!
[!] Running DSD distance for Species B
[!!] 	Already computed!
[!] Computing the MDS embeddings from the DSD distances for Species A
[!!] 	Already computed!
[!] Computing the MDS embeddings from the DSD distances for Species B
[!!] 	Already computed!
[!] MDS transformed distances between species A and B already computed
GO: molecular_function, DSD, k: 10 ===> 0.135 +- 0.077
GO: molecular_function, MUNDO2, kA: 10, kB: 20 ===> 0.173 +- 0.015
GO: molecular_function, MUNDO2, kA: 10, kB: 100 ===> 0.173 +- 0.021
GO: molecular_function, DSD, k: 50 ===> 0.202 +- 0.016
GO: molecular_function, MUNDO2, kA: 50, kB: 20 ===> 0.201 +- 0.011
GO: molecular_function, MUNDO2, kA: 50, kB: 100 ===> 0.200 +- 0.014
GO: molecular_function, DSD, k: 10 ===> 0.134 +- 0.025
GO: molecular_function, MUNDO2, kA: 10, kB: 20 ===> 0.176 +- 0.012
GO: molecular_function, MUNDO2, kA: 10, kB: 100 ===> 0.238 +- 0.006
GO: molecular_function, DSD, k: 50 ===> 0.233 +- 0.004
GO: molecular_function, MUNDO2, kA: 50, kB: 20 ===> 0.235 +- 0.004
GO: molecular_function, MUNDO2, kA: 50, kB: 100 ===> 0.258 +- 0.002
GO: biological_process, DSD, k: 10 ===> 0.009 +- 0.002
GO: biological_process, MUNDO2, kA: 10, kB: 20 ===> 0.017 +- 0.007
GO: biological_process, MUNDO2, kA: 10, kB: 100 ===> 0.037 +- 0.006
GO: biological_process, DSD, k: 50 ===> 0.036 +- 0.006
GO: biological_process, MUNDO2, kA: 50, kB: 20 ===> 0.035 +- 0.007
GO: biological_process, MUNDO2, kA: 50, kB: 100 ===> 0.040 +- 0.008
GO: biological_process, DSD, k: 10 ===> 0.039 +- 0.006
GO: biological_process, MUNDO2, kA: 10, kB: 20 ===> 0.044 +- 0.010
GO: biological_process, MUNDO2, kA: 10, kB: 100 ===> 0.065 +- 0.006
GO: biological_process, DSD, k: 50 ===> 0.076 +- 0.008
GO: biological_process, MUNDO2, kA: 50, kB: 20 ===> 0.075 +- 0.009
GO: biological_process, MUNDO2, kA: 50, kB: 100 ===> 0.079 +- 0.008
GO: cellular_component, DSD, k: 10 ===> 0.500 +- 0.017
GO: cellular_component, MUNDO2, kA: 10, kB: 20 ===> 0.502 +- 0.017
GO: cellular_component, MUNDO2, kA: 10, kB: 100 ===> 0.502 +- 0.017
GO: cellular_component, DSD, k: 50 ===> 0.502 +- 0.017
GO: cellular_component, MUNDO2, kA: 50, kB: 20 ===> 0.502 +- 0.017
GO: cellular_component, MUNDO2, kA: 50, kB: 100 ===> 0.502 +- 0.017
GO: cellular_component, DSD, k: 10 ===> 0.568 +- 0.026
GO: cellular_component, MUNDO2, kA: 10, kB: 20 ===> 0.573 +- 0.016
GO: cellular_component, MUNDO2, kA: 10, kB: 100 ===> 0.586 +- 0.011
GO: cellular_component, DSD, k: 50 ===> 0.606 +- 0.007
GO: cellular_component, MUNDO2, kA: 50, kB: 20 ===> 0.611 +- 0.009
GO: cellular_component, MUNDO2, kA: 50, kB: 100 ===> 0.606 +- 0.006
