[!] Running DSD distance for Species A
[!] Running DSD distance for Species B
[!!] 	Already computed!
[!] Computing the MDS embeddings from the DSD distances for Species A
[!]	 Reconstruction Error: 0.34545952536415864
[!] Computing the MDS embeddings from the DSD distances for Species B
[!!] 	Already computed!
[!] Running ISORANK.
[!!] 	Size of the matchfile: 8358
      bakers    fly     score
0       5316   2181  0.033223
1       1228   2181  0.033033
2       5462   2181  0.044461
3       4468  10087  0.041991
4       2552   6387  0.032133
...      ...    ...       ...
8353    1867   7575  0.031137
8354    2990   4767  0.031469
8355    1784   4767  0.032654
8356    6470   4767  0.035592
8357    6425   4767  0.033863

[8358 rows x 3 columns]
[!] Training the Attention Model and Projecting the MDS embeddings of Species B
     bakers     fly  score
0    P07259  P05990      1
1    P32600  Q9VK45      1
2    P22137  P29742      1
3    P21951  Q9VCN1      1
4    P32639  Q9VUV9      1
..      ...     ...    ...
495  Q12509  P45890      1
496  P38274  Q9U6Y9      1
497  P02406  P41092      1
498  P51401  P50882      1
499  P23285  P15425      1

[500 rows x 3 columns]
[!]	 Training the Attention Model:
[!]		 Epoch 1: Loss : 0.06242409529164433
[!]		 Epoch 11: Loss : 0.005644150162115693
[!]		 Epoch 21: Loss : 0.005310912735294551
[!]		 Epoch 31: Loss : 0.005252461272175424
[!]		 Epoch 41: Loss : 0.005237235661188606
[!]		 Epoch 51: Loss : 0.005230888455553213
[!]		 Epoch 61: Loss : 0.005219934546548757
[!]		 Epoch 71: Loss : 0.005223844083739096
[!]		 Epoch 81: Loss : 0.005222416359974886
[!]		 Epoch 91: Loss : 0.0052259631580091085
[!] Computing the MDS transformed distances between species A and B.
GO: molecular_function, DSD, k: 10 ===> 0.062 +- 0.037
GO: molecular_function, MUNDO2, kA: 10, kB: 20 ===> 0.046 +- 0.006
GO: molecular_function, MUNDO2, kA: 10, kB: 100 ===> 0.175 +- 0.014
GO: molecular_function, DSD, k: 50 ===> 0.229 +- 0.012
GO: molecular_function, MUNDO2, kA: 50, kB: 20 ===> 0.224 +- 0.016
GO: molecular_function, MUNDO2, kA: 50, kB: 100 ===> 0.215 +- 0.019
GO: molecular_function, DSD, k: 10 ===> 0.062 +- 0.032
GO: molecular_function, MUNDO2, kA: 10, kB: 20 ===> 0.107 +- 0.010
GO: molecular_function, MUNDO2, kA: 10, kB: 100 ===> 0.226 +- 0.015
GO: molecular_function, DSD, k: 50 ===> 0.331 +- 0.009
GO: molecular_function, MUNDO2, kA: 50, kB: 20 ===> 0.314 +- 0.011
GO: molecular_function, MUNDO2, kA: 50, kB: 100 ===> 0.310 +- 0.013
GO: biological_process, DSD, k: 10 ===> 0.015 +- 0.005
GO: biological_process, MUNDO2, kA: 10, kB: 20 ===> 0.032 +- 0.004
GO: biological_process, MUNDO2, kA: 10, kB: 100 ===> 0.034 +- 0.003
GO: biological_process, DSD, k: 50 ===> 0.254 +- 0.008
GO: biological_process, MUNDO2, kA: 50, kB: 20 ===> 0.219 +- 0.006
GO: biological_process, MUNDO2, kA: 50, kB: 100 ===> 0.162 +- 0.009
GO: biological_process, DSD, k: 10 ===> 0.023 +- 0.008
GO: biological_process, MUNDO2, kA: 10, kB: 20 ===> 0.043 +- 0.003
GO: biological_process, MUNDO2, kA: 10, kB: 100 ===> 0.051 +- 0.002
GO: biological_process, DSD, k: 50 ===> 0.281 +- 0.005
GO: biological_process, MUNDO2, kA: 50, kB: 20 ===> 0.256 +- 0.004
GO: biological_process, MUNDO2, kA: 50, kB: 100 ===> 0.211 +- 0.005
GO: cellular_component, DSD, k: 10 ===> 0.296 +- 0.119
GO: cellular_component, MUNDO2, kA: 10, kB: 20 ===> 0.501 +- 0.013
GO: cellular_component, MUNDO2, kA: 10, kB: 100 ===> 0.501 +- 0.012
GO: cellular_component, DSD, k: 50 ===> 0.537 +- 0.012
GO: cellular_component, MUNDO2, kA: 50, kB: 20 ===> 0.524 +- 0.012
GO: cellular_component, MUNDO2, kA: 50, kB: 100 ===> 0.512 +- 0.013
GO: cellular_component, DSD, k: 10 ===> 0.296 +- 0.097
GO: cellular_component, MUNDO2, kA: 10, kB: 20 ===> 0.546 +- 0.020
GO: cellular_component, MUNDO2, kA: 10, kB: 100 ===> 0.575 +- 0.011
GO: cellular_component, DSD, k: 50 ===> 0.690 +- 0.005
GO: cellular_component, MUNDO2, kA: 50, kB: 20 ===> 0.686 +- 0.005
GO: cellular_component, MUNDO2, kA: 50, kB: 100 ===> 0.670 +- 0.006
