[!] Running DSD distance for Species A
[!] Running DSD distance for Species B
[!!] 	Already computed!
[!] Computing the MDS embeddings from the DSD distances for Species A
[!]	 Reconstruction Error: 0.3729056485720656
[!] Computing the MDS embeddings from the DSD distances for Species B
[!!] 	Already computed!
[!] Running ISORANK.
[!!] 	Size of the matchfile: 8358
      bakers    fly     score
0        748   8717  0.033223
1       2097   8717  0.033033
2       1944   8717  0.044461
3       1374   3020  0.041991
4       3586  10812  0.032133
...      ...    ...       ...
8353    1080   5466  0.031137
8354    5323   8855  0.031469
8355    1670   8855  0.032654
8356    1288   8855  0.035592
8357    6143   8855  0.033863

[8358 rows x 3 columns]
[!] Training the Attention Model and Projecting the MDS embeddings of Species B
     bakers     fly  score
0    P07259  P05990      1
1    P32600  Q9VK45      1
2    P22137  P29742      1
3    P21951  Q9VCN1      1
4    P32639  Q9VUV9      1
..      ...     ...    ...
495  Q12509  P45890      1
496  P38274  Q9U6Y9      1
497  P02406  P41092      1
498  P51401  P50882      1
499  P23285  P15425      1

[500 rows x 3 columns]
[!]	 Training the Attention Model:
[!]		 Epoch 1: Loss : 0.009948497121222317
[!]		 Epoch 11: Loss : 0.0064072620841034225
[!]		 Epoch 21: Loss : 0.006377687475614948
[!]		 Epoch 31: Loss : 0.006375556687708013
[!]		 Epoch 41: Loss : 0.0063716326399298855
[!]		 Epoch 51: Loss : 0.006371088361629518
[!]		 Epoch 61: Loss : 0.006369992801191984
[!]		 Epoch 71: Loss : 0.006369449206249556
[!]		 Epoch 81: Loss : 0.006370673928031465
[!]		 Epoch 91: Loss : 0.006369142879848368
[!] Computing the MDS transformed distances between species A and B.
GO: molecular_function, DSD, k: 10 ===> 0.082 +- 0.039
GO: molecular_function, MUNDO2, kA: 10, kB: 20 ===> 0.166 +- 0.012
GO: molecular_function, MUNDO2, kA: 10, kB: 100 ===> 0.177 +- 0.018
GO: molecular_function, DSD, k: 50 ===> 0.237 +- 0.011
GO: molecular_function, MUNDO2, kA: 50, kB: 20 ===> 0.230 +- 0.017
GO: molecular_function, MUNDO2, kA: 50, kB: 100 ===> 0.217 +- 0.013
GO: molecular_function, DSD, k: 10 ===> 0.070 +- 0.028
GO: molecular_function, MUNDO2, kA: 10, kB: 20 ===> 0.165 +- 0.005
GO: molecular_function, MUNDO2, kA: 10, kB: 100 ===> 0.233 +- 0.007
GO: molecular_function, DSD, k: 50 ===> 0.333 +- 0.010
GO: molecular_function, MUNDO2, kA: 50, kB: 20 ===> 0.320 +- 0.009
GO: molecular_function, MUNDO2, kA: 50, kB: 100 ===> 0.308 +- 0.006
GO: biological_process, DSD, k: 10 ===> 0.016 +- 0.005
GO: biological_process, MUNDO2, kA: 10, kB: 20 ===> 0.013 +- 0.003
GO: biological_process, MUNDO2, kA: 10, kB: 100 ===> 0.039 +- 0.005
GO: biological_process, DSD, k: 50 ===> 0.251 +- 0.008
GO: biological_process, MUNDO2, kA: 50, kB: 20 ===> 0.224 +- 0.013
GO: biological_process, MUNDO2, kA: 50, kB: 100 ===> 0.141 +- 0.011
GO: biological_process, DSD, k: 10 ===> 0.025 +- 0.009
GO: biological_process, MUNDO2, kA: 10, kB: 20 ===> 0.031 +- 0.005
GO: biological_process, MUNDO2, kA: 10, kB: 100 ===> 0.056 +- 0.005
GO: biological_process, DSD, k: 50 ===> 0.280 +- 0.002
GO: biological_process, MUNDO2, kA: 50, kB: 20 ===> 0.255 +- 0.005
GO: biological_process, MUNDO2, kA: 50, kB: 100 ===> 0.209 +- 0.007
GO: cellular_component, DSD, k: 10 ===> 0.296 +- 0.109
GO: cellular_component, MUNDO2, kA: 10, kB: 20 ===> 0.479 +- 0.015
GO: cellular_component, MUNDO2, kA: 10, kB: 100 ===> 0.502 +- 0.017
GO: cellular_component, DSD, k: 50 ===> 0.541 +- 0.015
GO: cellular_component, MUNDO2, kA: 50, kB: 20 ===> 0.524 +- 0.017
GO: cellular_component, MUNDO2, kA: 50, kB: 100 ===> 0.514 +- 0.017
GO: cellular_component, DSD, k: 10 ===> 0.296 +- 0.082
GO: cellular_component, MUNDO2, kA: 10, kB: 20 ===> 0.523 +- 0.024
GO: cellular_component, MUNDO2, kA: 10, kB: 100 ===> 0.570 +- 0.014
GO: cellular_component, DSD, k: 50 ===> 0.691 +- 0.006
GO: cellular_component, MUNDO2, kA: 50, kB: 20 ===> 0.684 +- 0.009
GO: cellular_component, MUNDO2, kA: 50, kB: 100 ===> 0.666 +- 0.009
