[!] Running DSD distance for Species A
[!!] 	Already computed!
[!] Running DSD distance for Species B
[!!] 	Already computed!
[!] Computing the MDS embeddings from the DSD distances for Species A
[!!] 	Already computed!
[!] Computing the MDS embeddings from the DSD distances for Species B
[!!] 	Already computed!
[!] Running ISORANK.
[!!] 	Size of the matchfile: 27158
        rat  mouse     score
0      7937   2629  0.047063
1      3864   5386  0.256165
2      9928   5386  0.017037
3      2590   5386  0.017508
4      5023   5386  0.345068
...     ...    ...       ...
27153  9078   8889  0.009229
27154  7265   8889  0.008900
27155  4020   8889  0.009027
27156  7305   8889  0.008989
27157  5394   8889  0.008900

[27158 rows x 3 columns]
[!] Training the Attention Model and Projecting the MDS embeddings of Species B
        rat   mouse  score
0    Q2TL32  A2AN08      1
1    P38650  Q9JHU4      1
2    G3V928  Q91ZX7      1
3    F1LMY4  E9PZQ0      1
4    P30427  Q9QXS1      1
..      ...     ...    ...
495  Q6PST4  Q8BH66      1
496  Q3KR86  Q8CAQ8      1
497  Q66H94  Q9Z247      1
498  Q62920  Q8CI51      1
499  O70437  P97471      1

[500 rows x 3 columns]
[!]	 Training the Attention Model:
[!]		 Epoch 1: Loss : 7.861293454170227
[!]		 Epoch 11: Loss : 7.842148909568786
[!]		 Epoch 21: Loss : 7.84121922492981
[!]		 Epoch 31: Loss : 7.837838535308838
[!]		 Epoch 41: Loss : 7.840524311065674
[!]		 Epoch 51: Loss : 7.838838629722595
[!]		 Epoch 61: Loss : 7.839486441612244
[!]		 Epoch 71: Loss : 7.839431777000427
[!]		 Epoch 81: Loss : 7.83965265750885
[!]		 Epoch 91: Loss : 7.836813812255859
[!] Computing the MDS transformed distances between species A and B.
GO: molecular_function, DSD, k: 10 ===> 0.021 +- 0.010
GO: molecular_function, MUNDO2, kA: 10, kB: 10 ===> 0.057 +- 0.012
GO: molecular_function, MUNDO2, kA: 10, kB: 20 ===> 0.073 +- 0.016
GO: molecular_function, MUNDO2, kA: 10, kB: 30 ===> 0.095 +- 0.016
GO: molecular_function, MUNDO2, kA: 10, kB: 40 ===> 0.112 +- 0.011
GO: molecular_function, MUNDO2, kA: 10, kB: 50 ===> 0.116 +- 0.016
GO: molecular_function, MUNDO2, kA: 10, kB: 100 ===> 0.135 +- 0.013
GO: molecular_function, DSD, k: 20 ===> 0.038 +- 0.009
GO: molecular_function, MUNDO2, kA: 20, kB: 10 ===> 0.069 +- 0.016
GO: molecular_function, MUNDO2, kA: 20, kB: 20 ===> 0.080 +- 0.023
GO: molecular_function, MUNDO2, kA: 20, kB: 30 ===> 0.103 +- 0.016
GO: molecular_function, MUNDO2, kA: 20, kB: 40 ===> 0.119 +- 0.017
GO: molecular_function, MUNDO2, kA: 20, kB: 50 ===> 0.125 +- 0.018
GO: molecular_function, MUNDO2, kA: 20, kB: 100 ===> 0.143 +- 0.013
GO: molecular_function, DSD, k: 30 ===> 0.052 +- 0.013
GO: molecular_function, MUNDO2, kA: 30, kB: 10 ===> 0.078 +- 0.015
GO: molecular_function, MUNDO2, kA: 30, kB: 20 ===> 0.090 +- 0.018
GO: molecular_function, MUNDO2, kA: 30, kB: 30 ===> 0.108 +- 0.015
GO: molecular_function, MUNDO2, kA: 30, kB: 40 ===> 0.120 +- 0.017
GO: molecular_function, MUNDO2, kA: 30, kB: 50 ===> 0.126 +- 0.019
GO: molecular_function, MUNDO2, kA: 30, kB: 100 ===> 0.148 +- 0.009
GO: molecular_function, DSD, k: 40 ===> 0.064 +- 0.007
GO: molecular_function, MUNDO2, kA: 40, kB: 10 ===> 0.090 +- 0.010
GO: molecular_function, MUNDO2, kA: 40, kB: 20 ===> 0.098 +- 0.016
GO: molecular_function, MUNDO2, kA: 40, kB: 30 ===> 0.124 +- 0.015
GO: molecular_function, MUNDO2, kA: 40, kB: 40 ===> 0.132 +- 0.019
GO: molecular_function, MUNDO2, kA: 40, kB: 50 ===> 0.135 +- 0.015
GO: molecular_function, MUNDO2, kA: 40, kB: 100 ===> 0.158 +- 0.010
GO: molecular_function, DSD, k: 50 ===> 0.079 +- 0.006
GO: molecular_function, MUNDO2, kA: 50, kB: 10 ===> 0.099 +- 0.010
GO: molecular_function, MUNDO2, kA: 50, kB: 20 ===> 0.106 +- 0.017
GO: molecular_function, MUNDO2, kA: 50, kB: 30 ===> 0.128 +- 0.016
GO: molecular_function, MUNDO2, kA: 50, kB: 40 ===> 0.140 +- 0.019
GO: molecular_function, MUNDO2, kA: 50, kB: 50 ===> 0.146 +- 0.016
GO: molecular_function, MUNDO2, kA: 50, kB: 100 ===> 0.162 +- 0.015
GO: molecular_function, DSD, k: 10 ===> 0.017 +- 0.003
GO: molecular_function, MUNDO2, kA: 10, kB: 10 ===> 0.047 +- 0.006
GO: molecular_function, MUNDO2, kA: 10, kB: 20 ===> 0.061 +- 0.009
GO: molecular_function, MUNDO2, kA: 10, kB: 30 ===> 0.073 +- 0.008
GO: molecular_function, MUNDO2, kA: 10, kB: 40 ===> 0.085 +- 0.008
GO: molecular_function, MUNDO2, kA: 10, kB: 50 ===> 0.092 +- 0.011
GO: molecular_function, MUNDO2, kA: 10, kB: 100 ===> 0.118 +- 0.015
GO: molecular_function, DSD, k: 20 ===> 0.031 +- 0.004
GO: molecular_function, MUNDO2, kA: 20, kB: 10 ===> 0.053 +- 0.008
GO: molecular_function, MUNDO2, kA: 20, kB: 20 ===> 0.065 +- 0.013
GO: molecular_function, MUNDO2, kA: 20, kB: 30 ===> 0.077 +- 0.008
GO: molecular_function, MUNDO2, kA: 20, kB: 40 ===> 0.089 +- 0.011
GO: molecular_function, MUNDO2, kA: 20, kB: 50 ===> 0.098 +- 0.013
GO: molecular_function, MUNDO2, kA: 20, kB: 100 ===> 0.120 +- 0.014
GO: molecular_function, DSD, k: 30 ===> 0.040 +- 0.006
GO: molecular_function, MUNDO2, kA: 30, kB: 10 ===> 0.058 +- 0.007
GO: molecular_function, MUNDO2, kA: 30, kB: 20 ===> 0.068 +- 0.010
GO: molecular_function, MUNDO2, kA: 30, kB: 30 ===> 0.080 +- 0.008
GO: molecular_function, MUNDO2, kA: 30, kB: 40 ===> 0.090 +- 0.010
GO: molecular_function, MUNDO2, kA: 30, kB: 50 ===> 0.099 +- 0.013
GO: molecular_function, MUNDO2, kA: 30, kB: 100 ===> 0.123 +- 0.012
GO: molecular_function, DSD, k: 40 ===> 0.051 +- 0.009
GO: molecular_function, MUNDO2, kA: 40, kB: 10 ===> 0.069 +- 0.010
GO: molecular_function, MUNDO2, kA: 40, kB: 20 ===> 0.077 +- 0.013
GO: molecular_function, MUNDO2, kA: 40, kB: 30 ===> 0.090 +- 0.012
GO: molecular_function, MUNDO2, kA: 40, kB: 40 ===> 0.098 +- 0.013
GO: molecular_function, MUNDO2, kA: 40, kB: 50 ===> 0.104 +- 0.014
GO: molecular_function, MUNDO2, kA: 40, kB: 100 ===> 0.127 +- 0.014
GO: molecular_function, DSD, k: 50 ===> 0.061 +- 0.006
GO: molecular_function, MUNDO2, kA: 50, kB: 10 ===> 0.077 +- 0.011
GO: molecular_function, MUNDO2, kA: 50, kB: 20 ===> 0.085 +- 0.014
GO: molecular_function, MUNDO2, kA: 50, kB: 30 ===> 0.095 +- 0.011
GO: molecular_function, MUNDO2, kA: 50, kB: 40 ===> 0.104 +- 0.013
GO: molecular_function, MUNDO2, kA: 50, kB: 50 ===> 0.110 +- 0.013
GO: molecular_function, MUNDO2, kA: 50, kB: 100 ===> 0.128 +- 0.014
GO: molecular_function, DSD, k: 10 ===> 0.356 +- 0.023
GO: molecular_function, MUNDO2, kA: 10, kB: 10 ===> 0.553 +- 0.009
GO: molecular_function, MUNDO2, kA: 10, kB: 20 ===> 0.584 +- 0.013
GO: molecular_function, MUNDO2, kA: 10, kB: 30 ===> 0.609 +- 0.016
GO: molecular_function, MUNDO2, kA: 10, kB: 40 ===> 0.628 +- 0.017
GO: molecular_function, MUNDO2, kA: 10, kB: 50 ===> 0.640 +- 0.020
GO: molecular_function, MUNDO2, kA: 10, kB: 100 ===> 0.681 +- 0.016
GO: molecular_function, DSD, k: 20 ===> 0.496 +- 0.015
GO: molecular_function, MUNDO2, kA: 20, kB: 10 ===> 0.570 +- 0.010
GO: molecular_function, MUNDO2, kA: 20, kB: 20 ===> 0.594 +- 0.013
GO: molecular_function, MUNDO2, kA: 20, kB: 30 ===> 0.618 +- 0.016
GO: molecular_function, MUNDO2, kA: 20, kB: 40 ===> 0.634 +- 0.018
GO: molecular_function, MUNDO2, kA: 20, kB: 50 ===> 0.645 +- 0.020
GO: molecular_function, MUNDO2, kA: 20, kB: 100 ===> 0.683 +- 0.017
GO: molecular_function, DSD, k: 30 ===> 0.538 +- 0.011
GO: molecular_function, MUNDO2, kA: 30, kB: 10 ===> 0.583 +- 0.012
GO: molecular_function, MUNDO2, kA: 30, kB: 20 ===> 0.606 +- 0.015
GO: molecular_function, MUNDO2, kA: 30, kB: 30 ===> 0.626 +- 0.016
GO: molecular_function, MUNDO2, kA: 30, kB: 40 ===> 0.641 +- 0.018
GO: molecular_function, MUNDO2, kA: 30, kB: 50 ===> 0.651 +- 0.019
GO: molecular_function, MUNDO2, kA: 30, kB: 100 ===> 0.687 +- 0.017
GO: molecular_function, DSD, k: 40 ===> 0.558 +- 0.008
GO: molecular_function, MUNDO2, kA: 40, kB: 10 ===> 0.590 +- 0.011
GO: molecular_function, MUNDO2, kA: 40, kB: 20 ===> 0.611 +- 0.014
GO: molecular_function, MUNDO2, kA: 40, kB: 30 ===> 0.631 +- 0.016
GO: molecular_function, MUNDO2, kA: 40, kB: 40 ===> 0.644 +- 0.016
GO: molecular_function, MUNDO2, kA: 40, kB: 50 ===> 0.654 +- 0.017
GO: molecular_function, MUNDO2, kA: 40, kB: 100 ===> 0.688 +- 0.017
GO: molecular_function, DSD, k: 50 ===> 0.571 +- 0.009
GO: molecular_function, MUNDO2, kA: 50, kB: 10 ===> 0.598 +- 0.011
GO: molecular_function, MUNDO2, kA: 50, kB: 20 ===> 0.617 +- 0.013
GO: molecular_function, MUNDO2, kA: 50, kB: 30 ===> 0.636 +- 0.015
GO: molecular_function, MUNDO2, kA: 50, kB: 40 ===> 0.648 +- 0.016
GO: molecular_function, MUNDO2, kA: 50, kB: 50 ===> 0.658 +- 0.017
GO: molecular_function, MUNDO2, kA: 50, kB: 100 ===> 0.691 +- 0.016
GO: molecular_function, DSD, k: 10 ===> 0.029 +- 0.006
GO: molecular_function, MUNDO2, kA: 10, kB: 10 ===> 0.086 +- 0.009
GO: molecular_function, MUNDO2, kA: 10, kB: 20 ===> 0.111 +- 0.012
GO: molecular_function, MUNDO2, kA: 10, kB: 30 ===> 0.129 +- 0.012
GO: molecular_function, MUNDO2, kA: 10, kB: 40 ===> 0.144 +- 0.013
GO: molecular_function, MUNDO2, kA: 10, kB: 50 ===> 0.155 +- 0.016
GO: molecular_function, MUNDO2, kA: 10, kB: 100 ===> 0.191 +- 0.020
GO: molecular_function, DSD, k: 20 ===> 0.055 +- 0.007
GO: molecular_function, MUNDO2, kA: 20, kB: 10 ===> 0.095 +- 0.009
GO: molecular_function, MUNDO2, kA: 20, kB: 20 ===> 0.116 +- 0.014
GO: molecular_function, MUNDO2, kA: 20, kB: 30 ===> 0.133 +- 0.011
GO: molecular_function, MUNDO2, kA: 20, kB: 40 ===> 0.148 +- 0.014
GO: molecular_function, MUNDO2, kA: 20, kB: 50 ===> 0.159 +- 0.017
GO: molecular_function, MUNDO2, kA: 20, kB: 100 ===> 0.193 +- 0.020
GO: molecular_function, DSD, k: 30 ===> 0.071 +- 0.010
GO: molecular_function, MUNDO2, kA: 30, kB: 10 ===> 0.104 +- 0.010
GO: molecular_function, MUNDO2, kA: 30, kB: 20 ===> 0.121 +- 0.014
GO: molecular_function, MUNDO2, kA: 30, kB: 30 ===> 0.137 +- 0.013
GO: molecular_function, MUNDO2, kA: 30, kB: 40 ===> 0.151 +- 0.015
GO: molecular_function, MUNDO2, kA: 30, kB: 50 ===> 0.162 +- 0.018
GO: molecular_function, MUNDO2, kA: 30, kB: 100 ===> 0.196 +- 0.019
GO: molecular_function, DSD, k: 40 ===> 0.088 +- 0.011
GO: molecular_function, MUNDO2, kA: 40, kB: 10 ===> 0.116 +- 0.013
GO: molecular_function, MUNDO2, kA: 40, kB: 20 ===> 0.131 +- 0.016
GO: molecular_function, MUNDO2, kA: 40, kB: 30 ===> 0.147 +- 0.015
GO: molecular_function, MUNDO2, kA: 40, kB: 40 ===> 0.159 +- 0.018
GO: molecular_function, MUNDO2, kA: 40, kB: 50 ===> 0.168 +- 0.019
GO: molecular_function, MUNDO2, kA: 40, kB: 100 ===> 0.199 +- 0.020
GO: molecular_function, DSD, k: 50 ===> 0.103 +- 0.009
GO: molecular_function, MUNDO2, kA: 50, kB: 10 ===> 0.128 +- 0.014
GO: molecular_function, MUNDO2, kA: 50, kB: 20 ===> 0.140 +- 0.016
GO: molecular_function, MUNDO2, kA: 50, kB: 30 ===> 0.155 +- 0.013
GO: molecular_function, MUNDO2, kA: 50, kB: 40 ===> 0.166 +- 0.016
GO: molecular_function, MUNDO2, kA: 50, kB: 50 ===> 0.174 +- 0.017
GO: molecular_function, MUNDO2, kA: 50, kB: 100 ===> 0.201 +- 0.019
GO: biological_process, DSD, k: 10 ===> 0.006 +- 0.003
GO: biological_process, MUNDO2, kA: 10, kB: 10 ===> 0.020 +- 0.003
GO: biological_process, MUNDO2, kA: 10, kB: 20 ===> 0.028 +- 0.003
GO: biological_process, MUNDO2, kA: 10, kB: 30 ===> 0.037 +- 0.009
GO: biological_process, MUNDO2, kA: 10, kB: 40 ===> 0.045 +- 0.008
GO: biological_process, MUNDO2, kA: 10, kB: 50 ===> 0.048 +- 0.008
GO: biological_process, MUNDO2, kA: 10, kB: 100 ===> 0.052 +- 0.004
GO: biological_process, DSD, k: 20 ===> 0.016 +- 0.003
GO: biological_process, MUNDO2, kA: 20, kB: 10 ===> 0.026 +- 0.003
GO: biological_process, MUNDO2, kA: 20, kB: 20 ===> 0.033 +- 0.005
GO: biological_process, MUNDO2, kA: 20, kB: 30 ===> 0.037 +- 0.009
GO: biological_process, MUNDO2, kA: 20, kB: 40 ===> 0.041 +- 0.010
GO: biological_process, MUNDO2, kA: 20, kB: 50 ===> 0.050 +- 0.008
GO: biological_process, MUNDO2, kA: 20, kB: 100 ===> 0.053 +- 0.003
GO: biological_process, DSD, k: 30 ===> 0.017 +- 0.003
GO: biological_process, MUNDO2, kA: 30, kB: 10 ===> 0.023 +- 0.006
GO: biological_process, MUNDO2, kA: 30, kB: 20 ===> 0.027 +- 0.006
GO: biological_process, MUNDO2, kA: 30, kB: 30 ===> 0.035 +- 0.010
GO: biological_process, MUNDO2, kA: 30, kB: 40 ===> 0.036 +- 0.004
GO: biological_process, MUNDO2, kA: 30, kB: 50 ===> 0.046 +- 0.007
GO: biological_process, MUNDO2, kA: 30, kB: 100 ===> 0.051 +- 0.008
GO: biological_process, DSD, k: 40 ===> 0.018 +- 0.005
GO: biological_process, MUNDO2, kA: 40, kB: 10 ===> 0.023 +- 0.007
GO: biological_process, MUNDO2, kA: 40, kB: 20 ===> 0.024 +- 0.006
GO: biological_process, MUNDO2, kA: 40, kB: 30 ===> 0.033 +- 0.007
GO: biological_process, MUNDO2, kA: 40, kB: 40 ===> 0.035 +- 0.004
GO: biological_process, MUNDO2, kA: 40, kB: 50 ===> 0.043 +- 0.008
GO: biological_process, MUNDO2, kA: 40, kB: 100 ===> 0.053 +- 0.008
GO: biological_process, DSD, k: 50 ===> 0.020 +- 0.004
GO: biological_process, MUNDO2, kA: 50, kB: 10 ===> 0.023 +- 0.003
GO: biological_process, MUNDO2, kA: 50, kB: 20 ===> 0.029 +- 0.004
GO: biological_process, MUNDO2, kA: 50, kB: 30 ===> 0.033 +- 0.006
GO: biological_process, MUNDO2, kA: 50, kB: 40 ===> 0.032 +- 0.007
GO: biological_process, MUNDO2, kA: 50, kB: 50 ===> 0.040 +- 0.009
GO: biological_process, MUNDO2, kA: 50, kB: 100 ===> 0.050 +- 0.009
GO: biological_process, DSD, k: 10 ===> 0.004 +- 0.001
GO: biological_process, MUNDO2, kA: 10, kB: 10 ===> 0.008 +- 0.002
GO: biological_process, MUNDO2, kA: 10, kB: 20 ===> 0.010 +- 0.003
GO: biological_process, MUNDO2, kA: 10, kB: 30 ===> 0.012 +- 0.003
GO: biological_process, MUNDO2, kA: 10, kB: 40 ===> 0.014 +- 0.004
GO: biological_process, MUNDO2, kA: 10, kB: 50 ===> 0.015 +- 0.004
GO: biological_process, MUNDO2, kA: 10, kB: 100 ===> 0.020 +- 0.003
GO: biological_process, DSD, k: 20 ===> 0.006 +- 0.002
GO: biological_process, MUNDO2, kA: 20, kB: 10 ===> 0.008 +- 0.002
GO: biological_process, MUNDO2, kA: 20, kB: 20 ===> 0.010 +- 0.002
GO: biological_process, MUNDO2, kA: 20, kB: 30 ===> 0.012 +- 0.003
GO: biological_process, MUNDO2, kA: 20, kB: 40 ===> 0.014 +- 0.003
GO: biological_process, MUNDO2, kA: 20, kB: 50 ===> 0.015 +- 0.003
GO: biological_process, MUNDO2, kA: 20, kB: 100 ===> 0.020 +- 0.003
GO: biological_process, DSD, k: 30 ===> 0.007 +- 0.001
GO: biological_process, MUNDO2, kA: 30, kB: 10 ===> 0.008 +- 0.001
GO: biological_process, MUNDO2, kA: 30, kB: 20 ===> 0.010 +- 0.001
GO: biological_process, MUNDO2, kA: 30, kB: 30 ===> 0.012 +- 0.002
GO: biological_process, MUNDO2, kA: 30, kB: 40 ===> 0.013 +- 0.002
GO: biological_process, MUNDO2, kA: 30, kB: 50 ===> 0.015 +- 0.003
GO: biological_process, MUNDO2, kA: 30, kB: 100 ===> 0.020 +- 0.003
GO: biological_process, DSD, k: 40 ===> 0.007 +- 0.002
GO: biological_process, MUNDO2, kA: 40, kB: 10 ===> 0.008 +- 0.001
GO: biological_process, MUNDO2, kA: 40, kB: 20 ===> 0.010 +- 0.002
GO: biological_process, MUNDO2, kA: 40, kB: 30 ===> 0.012 +- 0.003
GO: biological_process, MUNDO2, kA: 40, kB: 40 ===> 0.014 +- 0.003
GO: biological_process, MUNDO2, kA: 40, kB: 50 ===> 0.015 +- 0.003
GO: biological_process, MUNDO2, kA: 40, kB: 100 ===> 0.020 +- 0.003
GO: biological_process, DSD, k: 50 ===> 0.008 +- 0.002
GO: biological_process, MUNDO2, kA: 50, kB: 10 ===> 0.009 +- 0.001
GO: biological_process, MUNDO2, kA: 50, kB: 20 ===> 0.011 +- 0.002
GO: biological_process, MUNDO2, kA: 50, kB: 30 ===> 0.012 +- 0.003
GO: biological_process, MUNDO2, kA: 50, kB: 40 ===> 0.013 +- 0.003
GO: biological_process, MUNDO2, kA: 50, kB: 50 ===> 0.015 +- 0.003
GO: biological_process, MUNDO2, kA: 50, kB: 100 ===> 0.020 +- 0.003
GO: biological_process, DSD, k: 10 ===> 0.390 +- 0.021
GO: biological_process, MUNDO2, kA: 10, kB: 10 ===> 0.522 +- 0.004
GO: biological_process, MUNDO2, kA: 10, kB: 20 ===> 0.532 +- 0.006
GO: biological_process, MUNDO2, kA: 10, kB: 30 ===> 0.541 +- 0.009
GO: biological_process, MUNDO2, kA: 10, kB: 40 ===> 0.548 +- 0.009
GO: biological_process, MUNDO2, kA: 10, kB: 50 ===> 0.558 +- 0.012
GO: biological_process, MUNDO2, kA: 10, kB: 100 ===> 0.591 +- 0.010
GO: biological_process, DSD, k: 20 ===> 0.492 +- 0.008
GO: biological_process, MUNDO2, kA: 20, kB: 10 ===> 0.527 +- 0.003
GO: biological_process, MUNDO2, kA: 20, kB: 20 ===> 0.537 +- 0.005
GO: biological_process, MUNDO2, kA: 20, kB: 30 ===> 0.546 +- 0.008
GO: biological_process, MUNDO2, kA: 20, kB: 40 ===> 0.552 +- 0.009
GO: biological_process, MUNDO2, kA: 20, kB: 50 ===> 0.562 +- 0.011
GO: biological_process, MUNDO2, kA: 20, kB: 100 ===> 0.594 +- 0.010
GO: biological_process, DSD, k: 30 ===> 0.510 +- 0.003
GO: biological_process, MUNDO2, kA: 30, kB: 10 ===> 0.530 +- 0.003
GO: biological_process, MUNDO2, kA: 30, kB: 20 ===> 0.539 +- 0.005
GO: biological_process, MUNDO2, kA: 30, kB: 30 ===> 0.548 +- 0.008
GO: biological_process, MUNDO2, kA: 30, kB: 40 ===> 0.554 +- 0.009
GO: biological_process, MUNDO2, kA: 30, kB: 50 ===> 0.563 +- 0.011
GO: biological_process, MUNDO2, kA: 30, kB: 100 ===> 0.595 +- 0.010
GO: biological_process, DSD, k: 40 ===> 0.519 +- 0.002
GO: biological_process, MUNDO2, kA: 40, kB: 10 ===> 0.534 +- 0.003
GO: biological_process, MUNDO2, kA: 40, kB: 20 ===> 0.543 +- 0.006
GO: biological_process, MUNDO2, kA: 40, kB: 30 ===> 0.552 +- 0.008
GO: biological_process, MUNDO2, kA: 40, kB: 40 ===> 0.558 +- 0.010
GO: biological_process, MUNDO2, kA: 40, kB: 50 ===> 0.567 +- 0.011
GO: biological_process, MUNDO2, kA: 40, kB: 100 ===> 0.597 +- 0.011
GO: biological_process, DSD, k: 50 ===> 0.523 +- 0.003
GO: biological_process, MUNDO2, kA: 50, kB: 10 ===> 0.537 +- 0.004
GO: biological_process, MUNDO2, kA: 50, kB: 20 ===> 0.546 +- 0.005
GO: biological_process, MUNDO2, kA: 50, kB: 30 ===> 0.554 +- 0.008
GO: biological_process, MUNDO2, kA: 50, kB: 40 ===> 0.560 +- 0.010
GO: biological_process, MUNDO2, kA: 50, kB: 50 ===> 0.569 +- 0.011
GO: biological_process, MUNDO2, kA: 50, kB: 100 ===> 0.599 +- 0.010
GO: biological_process, DSD, k: 10 ===> 0.012 +- 0.001
GO: biological_process, MUNDO2, kA: 10, kB: 10 ===> 0.028 +- 0.004
GO: biological_process, MUNDO2, kA: 10, kB: 20 ===> 0.035 +- 0.005
GO: biological_process, MUNDO2, kA: 10, kB: 30 ===> 0.040 +- 0.006
GO: biological_process, MUNDO2, kA: 10, kB: 40 ===> 0.045 +- 0.007
GO: biological_process, MUNDO2, kA: 10, kB: 50 ===> 0.048 +- 0.007
GO: biological_process, MUNDO2, kA: 10, kB: 100 ===> 0.061 +- 0.007
GO: biological_process, DSD, k: 20 ===> 0.019 +- 0.002
GO: biological_process, MUNDO2, kA: 20, kB: 10 ===> 0.030 +- 0.004
GO: biological_process, MUNDO2, kA: 20, kB: 20 ===> 0.036 +- 0.004
GO: biological_process, MUNDO2, kA: 20, kB: 30 ===> 0.040 +- 0.005
GO: biological_process, MUNDO2, kA: 20, kB: 40 ===> 0.044 +- 0.006
GO: biological_process, MUNDO2, kA: 20, kB: 50 ===> 0.048 +- 0.006
GO: biological_process, MUNDO2, kA: 20, kB: 100 ===> 0.060 +- 0.007
GO: biological_process, DSD, k: 30 ===> 0.022 +- 0.002
GO: biological_process, MUNDO2, kA: 30, kB: 10 ===> 0.030 +- 0.002
GO: biological_process, MUNDO2, kA: 30, kB: 20 ===> 0.035 +- 0.003
GO: biological_process, MUNDO2, kA: 30, kB: 30 ===> 0.040 +- 0.004
GO: biological_process, MUNDO2, kA: 30, kB: 40 ===> 0.043 +- 0.005
GO: biological_process, MUNDO2, kA: 30, kB: 50 ===> 0.047 +- 0.006
GO: biological_process, MUNDO2, kA: 30, kB: 100 ===> 0.060 +- 0.007
GO: biological_process, DSD, k: 40 ===> 0.025 +- 0.003
GO: biological_process, MUNDO2, kA: 40, kB: 10 ===> 0.032 +- 0.003
GO: biological_process, MUNDO2, kA: 40, kB: 20 ===> 0.037 +- 0.004
GO: biological_process, MUNDO2, kA: 40, kB: 30 ===> 0.041 +- 0.005
GO: biological_process, MUNDO2, kA: 40, kB: 40 ===> 0.044 +- 0.006
GO: biological_process, MUNDO2, kA: 40, kB: 50 ===> 0.048 +- 0.007
GO: biological_process, MUNDO2, kA: 40, kB: 100 ===> 0.060 +- 0.007
GO: biological_process, DSD, k: 50 ===> 0.027 +- 0.003
GO: biological_process, MUNDO2, kA: 50, kB: 10 ===> 0.033 +- 0.003
GO: biological_process, MUNDO2, kA: 50, kB: 20 ===> 0.038 +- 0.004
GO: biological_process, MUNDO2, kA: 50, kB: 30 ===> 0.042 +- 0.005
GO: biological_process, MUNDO2, kA: 50, kB: 40 ===> 0.045 +- 0.006
GO: biological_process, MUNDO2, kA: 50, kB: 50 ===> 0.048 +- 0.007
GO: biological_process, MUNDO2, kA: 50, kB: 100 ===> 0.060 +- 0.007
GO: cellular_component, DSD, k: 10 ===> 0.070 +- 0.014
GO: cellular_component, MUNDO2, kA: 10, kB: 10 ===> 0.214 +- 0.037
GO: cellular_component, MUNDO2, kA: 10, kB: 20 ===> 0.292 +- 0.029
GO: cellular_component, MUNDO2, kA: 10, kB: 30 ===> 0.318 +- 0.032
GO: cellular_component, MUNDO2, kA: 10, kB: 40 ===> 0.341 +- 0.038
GO: cellular_component, MUNDO2, kA: 10, kB: 50 ===> 0.349 +- 0.035
GO: cellular_component, MUNDO2, kA: 10, kB: 100 ===> 0.356 +- 0.036
GO: cellular_component, DSD, k: 20 ===> 0.116 +- 0.020
GO: cellular_component, MUNDO2, kA: 20, kB: 10 ===> 0.228 +- 0.026
GO: cellular_component, MUNDO2, kA: 20, kB: 20 ===> 0.289 +- 0.028
GO: cellular_component, MUNDO2, kA: 20, kB: 30 ===> 0.320 +- 0.035
GO: cellular_component, MUNDO2, kA: 20, kB: 40 ===> 0.339 +- 0.039
GO: cellular_component, MUNDO2, kA: 20, kB: 50 ===> 0.347 +- 0.042
GO: cellular_component, MUNDO2, kA: 20, kB: 100 ===> 0.356 +- 0.036
GO: cellular_component, DSD, k: 30 ===> 0.151 +- 0.020
GO: cellular_component, MUNDO2, kA: 30, kB: 10 ===> 0.232 +- 0.032
GO: cellular_component, MUNDO2, kA: 30, kB: 20 ===> 0.285 +- 0.026
GO: cellular_component, MUNDO2, kA: 30, kB: 30 ===> 0.324 +- 0.026
GO: cellular_component, MUNDO2, kA: 30, kB: 40 ===> 0.342 +- 0.039
GO: cellular_component, MUNDO2, kA: 30, kB: 50 ===> 0.344 +- 0.040
GO: cellular_component, MUNDO2, kA: 30, kB: 100 ===> 0.355 +- 0.035
GO: cellular_component, DSD, k: 40 ===> 0.185 +- 0.016
GO: cellular_component, MUNDO2, kA: 40, kB: 10 ===> 0.241 +- 0.017
GO: cellular_component, MUNDO2, kA: 40, kB: 20 ===> 0.286 +- 0.020
GO: cellular_component, MUNDO2, kA: 40, kB: 30 ===> 0.321 +- 0.025
GO: cellular_component, MUNDO2, kA: 40, kB: 40 ===> 0.335 +- 0.032
GO: cellular_component, MUNDO2, kA: 40, kB: 50 ===> 0.339 +- 0.032
GO: cellular_component, MUNDO2, kA: 40, kB: 100 ===> 0.354 +- 0.035
GO: cellular_component, DSD, k: 50 ===> 0.205 +- 0.012
GO: cellular_component, MUNDO2, kA: 50, kB: 10 ===> 0.261 +- 0.021
GO: cellular_component, MUNDO2, kA: 50, kB: 20 ===> 0.294 +- 0.032
GO: cellular_component, MUNDO2, kA: 50, kB: 30 ===> 0.320 +- 0.037
GO: cellular_component, MUNDO2, kA: 50, kB: 40 ===> 0.336 +- 0.033
GO: cellular_component, MUNDO2, kA: 50, kB: 50 ===> 0.342 +- 0.033
GO: cellular_component, MUNDO2, kA: 50, kB: 100 ===> 0.355 +- 0.035
GO: cellular_component, DSD, k: 10 ===> 0.055 +- 0.005
GO: cellular_component, MUNDO2, kA: 10, kB: 10 ===> 0.155 +- 0.017
GO: cellular_component, MUNDO2, kA: 10, kB: 20 ===> 0.199 +- 0.019
GO: cellular_component, MUNDO2, kA: 10, kB: 30 ===> 0.219 +- 0.016
GO: cellular_component, MUNDO2, kA: 10, kB: 40 ===> 0.233 +- 0.019
GO: cellular_component, MUNDO2, kA: 10, kB: 50 ===> 0.242 +- 0.019
GO: cellular_component, MUNDO2, kA: 10, kB: 100 ===> 0.263 +- 0.017
GO: cellular_component, DSD, k: 20 ===> 0.095 +- 0.008
GO: cellular_component, MUNDO2, kA: 20, kB: 10 ===> 0.170 +- 0.010
GO: cellular_component, MUNDO2, kA: 20, kB: 20 ===> 0.203 +- 0.014
GO: cellular_component, MUNDO2, kA: 20, kB: 30 ===> 0.223 +- 0.014
GO: cellular_component, MUNDO2, kA: 20, kB: 40 ===> 0.237 +- 0.017
GO: cellular_component, MUNDO2, kA: 20, kB: 50 ===> 0.247 +- 0.017
GO: cellular_component, MUNDO2, kA: 20, kB: 100 ===> 0.265 +- 0.016
GO: cellular_component, DSD, k: 30 ===> 0.119 +- 0.006
GO: cellular_component, MUNDO2, kA: 30, kB: 10 ===> 0.175 +- 0.007
GO: cellular_component, MUNDO2, kA: 30, kB: 20 ===> 0.207 +- 0.011
GO: cellular_component, MUNDO2, kA: 30, kB: 30 ===> 0.228 +- 0.011
GO: cellular_component, MUNDO2, kA: 30, kB: 40 ===> 0.241 +- 0.014
GO: cellular_component, MUNDO2, kA: 30, kB: 50 ===> 0.248 +- 0.015
GO: cellular_component, MUNDO2, kA: 30, kB: 100 ===> 0.266 +- 0.015
GO: cellular_component, DSD, k: 40 ===> 0.142 +- 0.014
GO: cellular_component, MUNDO2, kA: 40, kB: 10 ===> 0.187 +- 0.008
GO: cellular_component, MUNDO2, kA: 40, kB: 20 ===> 0.214 +- 0.008
GO: cellular_component, MUNDO2, kA: 40, kB: 30 ===> 0.233 +- 0.009
GO: cellular_component, MUNDO2, kA: 40, kB: 40 ===> 0.243 +- 0.011
GO: cellular_component, MUNDO2, kA: 40, kB: 50 ===> 0.248 +- 0.012
GO: cellular_component, MUNDO2, kA: 40, kB: 100 ===> 0.267 +- 0.014
GO: cellular_component, DSD, k: 50 ===> 0.161 +- 0.012
GO: cellular_component, MUNDO2, kA: 50, kB: 10 ===> 0.200 +- 0.008
GO: cellular_component, MUNDO2, kA: 50, kB: 20 ===> 0.221 +- 0.010
GO: cellular_component, MUNDO2, kA: 50, kB: 30 ===> 0.237 +- 0.011
GO: cellular_component, MUNDO2, kA: 50, kB: 40 ===> 0.248 +- 0.012
GO: cellular_component, MUNDO2, kA: 50, kB: 50 ===> 0.252 +- 0.014
GO: cellular_component, MUNDO2, kA: 50, kB: 100 ===> 0.268 +- 0.015
GO: cellular_component, DSD, k: 10 ===> 0.431 +- 0.022
GO: cellular_component, MUNDO2, kA: 10, kB: 10 ===> 0.641 +- 0.008
GO: cellular_component, MUNDO2, kA: 10, kB: 20 ===> 0.680 +- 0.005
GO: cellular_component, MUNDO2, kA: 10, kB: 30 ===> 0.704 +- 0.008
GO: cellular_component, MUNDO2, kA: 10, kB: 40 ===> 0.723 +- 0.008
GO: cellular_component, MUNDO2, kA: 10, kB: 50 ===> 0.738 +- 0.008
GO: cellular_component, MUNDO2, kA: 10, kB: 100 ===> 0.781 +- 0.007
GO: cellular_component, DSD, k: 20 ===> 0.577 +- 0.013
GO: cellular_component, MUNDO2, kA: 20, kB: 10 ===> 0.667 +- 0.003
GO: cellular_component, MUNDO2, kA: 20, kB: 20 ===> 0.699 +- 0.002
GO: cellular_component, MUNDO2, kA: 20, kB: 30 ===> 0.720 +- 0.005
GO: cellular_component, MUNDO2, kA: 20, kB: 40 ===> 0.737 +- 0.007
GO: cellular_component, MUNDO2, kA: 20, kB: 50 ===> 0.749 +- 0.008
GO: cellular_component, MUNDO2, kA: 20, kB: 100 ===> 0.788 +- 0.006
GO: cellular_component, DSD, k: 30 ===> 0.628 +- 0.007
GO: cellular_component, MUNDO2, kA: 30, kB: 10 ===> 0.684 +- 0.005
GO: cellular_component, MUNDO2, kA: 30, kB: 20 ===> 0.711 +- 0.003
GO: cellular_component, MUNDO2, kA: 30, kB: 30 ===> 0.729 +- 0.005
GO: cellular_component, MUNDO2, kA: 30, kB: 40 ===> 0.744 +- 0.007
GO: cellular_component, MUNDO2, kA: 30, kB: 50 ===> 0.755 +- 0.008
GO: cellular_component, MUNDO2, kA: 30, kB: 100 ===> 0.791 +- 0.007
GO: cellular_component, DSD, k: 40 ===> 0.655 +- 0.007
GO: cellular_component, MUNDO2, kA: 40, kB: 10 ===> 0.698 +- 0.005
GO: cellular_component, MUNDO2, kA: 40, kB: 20 ===> 0.720 +- 0.004
GO: cellular_component, MUNDO2, kA: 40, kB: 30 ===> 0.736 +- 0.006
GO: cellular_component, MUNDO2, kA: 40, kB: 40 ===> 0.749 +- 0.008
GO: cellular_component, MUNDO2, kA: 40, kB: 50 ===> 0.760 +- 0.009
GO: cellular_component, MUNDO2, kA: 40, kB: 100 ===> 0.794 +- 0.008
GO: cellular_component, DSD, k: 50 ===> 0.674 +- 0.005
GO: cellular_component, MUNDO2, kA: 50, kB: 10 ===> 0.707 +- 0.005
GO: cellular_component, MUNDO2, kA: 50, kB: 20 ===> 0.727 +- 0.004
GO: cellular_component, MUNDO2, kA: 50, kB: 30 ===> 0.742 +- 0.006
GO: cellular_component, MUNDO2, kA: 50, kB: 40 ===> 0.754 +- 0.007
GO: cellular_component, MUNDO2, kA: 50, kB: 50 ===> 0.764 +- 0.008
GO: cellular_component, MUNDO2, kA: 50, kB: 100 ===> 0.796 +- 0.007
GO: cellular_component, DSD, k: 10 ===> 0.094 +- 0.006
GO: cellular_component, MUNDO2, kA: 10, kB: 10 ===> 0.233 +- 0.019
GO: cellular_component, MUNDO2, kA: 10, kB: 20 ===> 0.286 +- 0.022
GO: cellular_component, MUNDO2, kA: 10, kB: 30 ===> 0.309 +- 0.019
GO: cellular_component, MUNDO2, kA: 10, kB: 40 ===> 0.324 +- 0.021
GO: cellular_component, MUNDO2, kA: 10, kB: 50 ===> 0.335 +- 0.021
GO: cellular_component, MUNDO2, kA: 10, kB: 100 ===> 0.359 +- 0.018
GO: cellular_component, DSD, k: 20 ===> 0.159 +- 0.011
GO: cellular_component, MUNDO2, kA: 20, kB: 10 ===> 0.255 +- 0.008
GO: cellular_component, MUNDO2, kA: 20, kB: 20 ===> 0.294 +- 0.013
GO: cellular_component, MUNDO2, kA: 20, kB: 30 ===> 0.314 +- 0.013
GO: cellular_component, MUNDO2, kA: 20, kB: 40 ===> 0.330 +- 0.017
GO: cellular_component, MUNDO2, kA: 20, kB: 50 ===> 0.341 +- 0.017
GO: cellular_component, MUNDO2, kA: 20, kB: 100 ===> 0.362 +- 0.015
GO: cellular_component, DSD, k: 30 ===> 0.197 +- 0.009
GO: cellular_component, MUNDO2, kA: 30, kB: 10 ===> 0.267 +- 0.007
GO: cellular_component, MUNDO2, kA: 30, kB: 20 ===> 0.302 +- 0.011
GO: cellular_component, MUNDO2, kA: 30, kB: 30 ===> 0.321 +- 0.011
GO: cellular_component, MUNDO2, kA: 30, kB: 40 ===> 0.336 +- 0.014
GO: cellular_component, MUNDO2, kA: 30, kB: 50 ===> 0.343 +- 0.014
GO: cellular_component, MUNDO2, kA: 30, kB: 100 ===> 0.364 +- 0.014
GO: cellular_component, DSD, k: 40 ===> 0.226 +- 0.016
GO: cellular_component, MUNDO2, kA: 40, kB: 10 ===> 0.280 +- 0.009
GO: cellular_component, MUNDO2, kA: 40, kB: 20 ===> 0.310 +- 0.008
GO: cellular_component, MUNDO2, kA: 40, kB: 30 ===> 0.328 +- 0.009
GO: cellular_component, MUNDO2, kA: 40, kB: 40 ===> 0.339 +- 0.010
GO: cellular_component, MUNDO2, kA: 40, kB: 50 ===> 0.346 +- 0.012
GO: cellular_component, MUNDO2, kA: 40, kB: 100 ===> 0.366 +- 0.013
GO: cellular_component, DSD, k: 50 ===> 0.249 +- 0.014
GO: cellular_component, MUNDO2, kA: 50, kB: 10 ===> 0.294 +- 0.009
GO: cellular_component, MUNDO2, kA: 50, kB: 20 ===> 0.318 +- 0.009
GO: cellular_component, MUNDO2, kA: 50, kB: 30 ===> 0.333 +- 0.011
GO: cellular_component, MUNDO2, kA: 50, kB: 40 ===> 0.344 +- 0.011
GO: cellular_component, MUNDO2, kA: 50, kB: 50 ===> 0.348 +- 0.013
GO: cellular_component, MUNDO2, kA: 50, kB: 100 ===> 0.366 +- 0.013
