[!] Running DSD distance for Species A
[!!] 	Already computed!
[!] Running DSD distance for Species B
[!!] 	Already computed!
[!] Computing the MDS embeddings from the DSD distances for Species A
[!]	 Reconstruction Error: 0.4708550864316131
[!] Computing the MDS embeddings from the DSD distances for Species B
[!]	 Reconstruction Error: 160.80165818267417
[!] Running ISORANK.
[!!] 	Size of the matchfile: 8606
      bakers   rat     score
0       2667  2730  0.120443
1       2870  2730  0.123143
2       4453  2730  0.088307
3       4430  2730  0.066973
4        918  2730  0.045153
...      ...   ...       ...
8601    1664  5989  0.047313
8602    2786  5989  0.039103
8603    3312  5989  0.037213
8604    2474  5989  0.048879
8605    5947  6810  0.154739

[8606 rows x 3 columns]
[!] Training the Attention Model and Projecting the MDS embeddings of Species B
     bakers     rat  score
0    P22137  P11442      1
1    P07259  P07756      1
2    P32327  P52873      1
3    P32324  P05197      1
4    P25694  P46462      1
..      ...     ...    ...
495  P35197  Q62848      1
496  P20081  Q62658      1
497  P24000  P83732      1
498  Q01590  Q08851      1
499  P32471  Q68FR9      1

[500 rows x 3 columns]
[!]	 Training the Attention Model:
[!]		 Epoch 1: Loss : 0.0316291899047792
[!]		 Epoch 11: Loss : 0.007022872387024108
[!]		 Epoch 21: Loss : 0.006938052754194359
[!]		 Epoch 31: Loss : 0.006932406072810409
[!]		 Epoch 41: Loss : 0.006933397021857673
[!]		 Epoch 51: Loss : 0.006930594653385924
[!]		 Epoch 61: Loss : 0.006927129674950266
[!]		 Epoch 71: Loss : 0.0069305787899065765
[!]		 Epoch 81: Loss : 0.006943868469279551
[!]		 Epoch 91: Loss : 0.006925291486659262
[!] Computing the MDS transformed distances between species A and B.
GO: molecular_function, DSD, k: 10 ===> 0.096 +- 0.046
GO: molecular_function, MUNDO2, kA: 10, kB: 10 ===> 0.104 +- 0.040
GO: molecular_function, MUNDO2, kA: 10, kB: 20 ===> 0.107 +- 0.040
GO: molecular_function, MUNDO2, kA: 10, kB: 30 ===> 0.106 +- 0.039
GO: molecular_function, MUNDO2, kA: 10, kB: 40 ===> 0.107 +- 0.035
GO: molecular_function, MUNDO2, kA: 10, kB: 50 ===> 0.108 +- 0.033
GO: molecular_function, MUNDO2, kA: 10, kB: 100 ===> 0.089 +- 0.029
GO: molecular_function, DSD, k: 20 ===> 0.202 +- 0.024
GO: molecular_function, MUNDO2, kA: 20, kB: 10 ===> 0.214 +- 0.022
GO: molecular_function, MUNDO2, kA: 20, kB: 20 ===> 0.215 +- 0.020
GO: molecular_function, MUNDO2, kA: 20, kB: 30 ===> 0.217 +- 0.019
GO: molecular_function, MUNDO2, kA: 20, kB: 40 ===> 0.218 +- 0.017
GO: molecular_function, MUNDO2, kA: 20, kB: 50 ===> 0.220 +- 0.018
GO: molecular_function, MUNDO2, kA: 20, kB: 100 ===> 0.225 +- 0.021
GO: molecular_function, DSD, k: 30 ===> 0.244 +- 0.010
GO: molecular_function, MUNDO2, kA: 30, kB: 10 ===> 0.246 +- 0.009
GO: molecular_function, MUNDO2, kA: 30, kB: 20 ===> 0.248 +- 0.011
GO: molecular_function, MUNDO2, kA: 30, kB: 30 ===> 0.250 +- 0.012
GO: molecular_function, MUNDO2, kA: 30, kB: 40 ===> 0.249 +- 0.013
GO: molecular_function, MUNDO2, kA: 30, kB: 50 ===> 0.249 +- 0.010
GO: molecular_function, MUNDO2, kA: 30, kB: 100 ===> 0.249 +- 0.011
GO: molecular_function, DSD, k: 40 ===> 0.245 +- 0.012
GO: molecular_function, MUNDO2, kA: 40, kB: 10 ===> 0.246 +- 0.010
GO: molecular_function, MUNDO2, kA: 40, kB: 20 ===> 0.245 +- 0.011
GO: molecular_function, MUNDO2, kA: 40, kB: 30 ===> 0.245 +- 0.010
GO: molecular_function, MUNDO2, kA: 40, kB: 40 ===> 0.242 +- 0.010
GO: molecular_function, MUNDO2, kA: 40, kB: 50 ===> 0.242 +- 0.011
GO: molecular_function, MUNDO2, kA: 40, kB: 100 ===> 0.244 +- 0.014
GO: molecular_function, DSD, k: 50 ===> 0.240 +- 0.012
GO: molecular_function, MUNDO2, kA: 50, kB: 10 ===> 0.239 +- 0.010
GO: molecular_function, MUNDO2, kA: 50, kB: 20 ===> 0.239 +- 0.010
GO: molecular_function, MUNDO2, kA: 50, kB: 30 ===> 0.241 +- 0.010
GO: molecular_function, MUNDO2, kA: 50, kB: 40 ===> 0.238 +- 0.012
GO: molecular_function, MUNDO2, kA: 50, kB: 50 ===> 0.237 +- 0.013
GO: molecular_function, MUNDO2, kA: 50, kB: 100 ===> 0.235 +- 0.015
Traceback (most recent call last):
  File "/var/spool/slurm/job42112104/slurm_script", line 276, in <module>
    main(getargs())
  File "/var/spool/slurm/job42112104/slurm_script", line 254, in main
    score = get_scoring(metric)
  File "/var/spool/slurm/job42112104/slurm_script", line 95, in get_scoring
    sfunc = scoring_fcn(all_go_labels, met, **kwargs)
  File "./mundo2/predict_score.py", line 32, in scoring_fcn
    assert metric is not None and all_go_labels is not None
AssertionError
