[!] Running DSD distance for Species A
[!!] 	Already computed!
[!] Running DSD distance for Species B
[!!] 	Already computed!
[!] Computing the MDS embeddings from the DSD distances for Species A
[!]	 Reconstruction Error: 1.0258244945203947
[!] Computing the MDS embeddings from the DSD distances for Species B
[!!] 	Already computed!
[!] Running ISORANK.
[!!] 	Size of the matchfile: 7993
       fly    rat     score
0     9844   9677  0.024899
1     8826   2385  0.013437
2     8826   5178  0.010135
3     8826   3698  0.014234
4     8826    182  0.015088
...    ...    ...       ...
7988  6265    480  0.033592
7989  7015  10160  0.066899
7990   914   3293  0.011401
7991   914  10092  0.016013
7992   914   1056  0.011572

[7993 rows x 3 columns]
[!] Training the Attention Model and Projecting the MDS embeddings of Species B
        fly     rat  score
0    P37276  P38650      1
1    P13395  P16086      1
2    P29993  P29994      1
3    P29742  P11442      1
4    Q9VK45  P42346      1
..      ...     ...    ...
495  P61851  P07632      1
496  Q9VEZ5  Q9QY78      1
497  P48555  P08644      1
498  Q9V399  P05178      1
499  P06754  P09495      1

[500 rows x 3 columns]
[!]	 Training the Attention Model:
[!]		 Epoch 1: Loss : 0.06847069937735796
[!]		 Epoch 11: Loss : 0.05378565771738067
[!]		 Epoch 21: Loss : 0.053200734264682976
[!]		 Epoch 31: Loss : 0.05316626614308916
[!]		 Epoch 41: Loss : 0.053115094241220503
[!]		 Epoch 51: Loss : 0.05313002738985233
[!]		 Epoch 61: Loss : 0.05310237081139348
[!]		 Epoch 71: Loss : 0.0530964234448038
[!]		 Epoch 81: Loss : 0.053102466489654034
[!]		 Epoch 91: Loss : 0.053080306173651476
[!] Computing the MDS transformed distances between species A and B.
GO: molecular_function, DSD, k: 10 ===> 0.018 +- 0.005
GO: molecular_function, MUNDO2, kA: 10, kB: 10 ===> 0.022 +- 0.004
GO: molecular_function, MUNDO2, kA: 10, kB: 20 ===> 0.030 +- 0.005
GO: molecular_function, MUNDO2, kA: 10, kB: 30 ===> 0.043 +- 0.012
GO: molecular_function, MUNDO2, kA: 10, kB: 40 ===> 0.050 +- 0.014
GO: molecular_function, MUNDO2, kA: 10, kB: 50 ===> 0.052 +- 0.015
GO: molecular_function, MUNDO2, kA: 10, kB: 100 ===> 0.066 +- 0.016
GO: molecular_function, DSD, k: 20 ===> 0.030 +- 0.009
GO: molecular_function, MUNDO2, kA: 20, kB: 10 ===> 0.034 +- 0.006
GO: molecular_function, MUNDO2, kA: 20, kB: 20 ===> 0.043 +- 0.010
GO: molecular_function, MUNDO2, kA: 20, kB: 30 ===> 0.057 +- 0.021
GO: molecular_function, MUNDO2, kA: 20, kB: 40 ===> 0.065 +- 0.027
GO: molecular_function, MUNDO2, kA: 20, kB: 50 ===> 0.066 +- 0.030
GO: molecular_function, MUNDO2, kA: 20, kB: 100 ===> 0.078 +- 0.026
GO: molecular_function, DSD, k: 30 ===> 0.054 +- 0.014
GO: molecular_function, MUNDO2, kA: 30, kB: 10 ===> 0.057 +- 0.015
GO: molecular_function, MUNDO2, kA: 30, kB: 20 ===> 0.062 +- 0.016
GO: molecular_function, MUNDO2, kA: 30, kB: 30 ===> 0.073 +- 0.020
GO: molecular_function, MUNDO2, kA: 30, kB: 40 ===> 0.080 +- 0.023
GO: molecular_function, MUNDO2, kA: 30, kB: 50 ===> 0.080 +- 0.025
GO: molecular_function, MUNDO2, kA: 30, kB: 100 ===> 0.086 +- 0.023
GO: molecular_function, DSD, k: 40 ===> 0.065 +- 0.020
GO: molecular_function, MUNDO2, kA: 40, kB: 10 ===> 0.066 +- 0.021
GO: molecular_function, MUNDO2, kA: 40, kB: 20 ===> 0.070 +- 0.019
GO: molecular_function, MUNDO2, kA: 40, kB: 30 ===> 0.081 +- 0.018
GO: molecular_function, MUNDO2, kA: 40, kB: 40 ===> 0.086 +- 0.020
GO: molecular_function, MUNDO2, kA: 40, kB: 50 ===> 0.086 +- 0.021
GO: molecular_function, MUNDO2, kA: 40, kB: 100 ===> 0.095 +- 0.019
GO: molecular_function, DSD, k: 50 ===> 0.078 +- 0.024
GO: molecular_function, MUNDO2, kA: 50, kB: 10 ===> 0.079 +- 0.024
GO: molecular_function, MUNDO2, kA: 50, kB: 20 ===> 0.080 +- 0.023
GO: molecular_function, MUNDO2, kA: 50, kB: 30 ===> 0.087 +- 0.022
GO: molecular_function, MUNDO2, kA: 50, kB: 40 ===> 0.091 +- 0.023
GO: molecular_function, MUNDO2, kA: 50, kB: 50 ===> 0.092 +- 0.022
GO: molecular_function, MUNDO2, kA: 50, kB: 100 ===> 0.097 +- 0.022
Traceback (most recent call last):
  File "/var/spool/slurm/job42112105/slurm_script", line 276, in <module>
    main(getargs())
  File "/var/spool/slurm/job42112105/slurm_script", line 254, in main
    score = get_scoring(metric)
  File "/var/spool/slurm/job42112105/slurm_script", line 95, in get_scoring
    sfunc = scoring_fcn(all_go_labels, met, **kwargs)
  File "./mundo2/predict_score.py", line 32, in scoring_fcn
    assert metric is not None and all_go_labels is not None
AssertionError
