[!] Running DSD distance for Species A
[!!] 	Already computed!
[!] Running DSD distance for Species B
[!!] 	Already computed!
[!] Computing the MDS embeddings from the DSD distances for Species A
[!]	 Reconstruction Error: 9.18635657175706
[!] Computing the MDS embeddings from the DSD distances for Species B
[!]	 Reconstruction Error: 160.80165818267417
[!] Running ISORANK.
[!!] 	Size of the matchfile: 27158
       mouse   rat     score
0      10512  8711  0.047063
1       8856  8752  0.256165
2       8856  5052  0.017037
3       8856  2557  0.017508
4       8856  1160  0.345068
...      ...   ...       ...
27153   6892  3410  0.009229
27154   6892  7741  0.008900
27155   6892  8957  0.009027
27156   6892  5863  0.008989
27157   6892  2077  0.008900

[27158 rows x 3 columns]
[!] Training the Attention Model and Projecting the MDS embeddings of Species B
      mouse     rat  score
0    A2AN08  Q2TL32      1
1    Q9JHU4  P38650      1
2    Q91ZX7  G3V928      1
3    E9PZQ0  F1LMY4      1
4    Q9QXS1  P30427      1
..      ...     ...    ...
495  Q8BH66  Q6PST4      1
496  Q8CAQ8  Q3KR86      1
497  Q9Z247  Q66H94      1
498  Q8CI51  Q62920      1
499  P97471  O70437      1

[500 rows x 3 columns]
[!]	 Training the Attention Model:
[!]		 Epoch 1: Loss : 1.6211755871772766
[!]		 Epoch 11: Loss : 1.0561539375782012
[!]		 Epoch 21: Loss : 1.0506764793395995
[!]		 Epoch 31: Loss : 1.048412742614746
[!]		 Epoch 41: Loss : 1.047465957403183
[!]		 Epoch 51: Loss : 1.04682781457901
[!]		 Epoch 61: Loss : 1.0468107187747955
[!]		 Epoch 71: Loss : 1.047030392885208
[!]		 Epoch 81: Loss : 1.0466407668590545
[!]		 Epoch 91: Loss : 1.0463761568069458
[!] Computing the MDS transformed distances between species A and B.
GO: molecular_function, DSD, k: 10 ===> 0.057 +- 0.007
GO: molecular_function, MUNDO2, kA: 10, kB: 10 ===> 0.064 +- 0.009
GO: molecular_function, MUNDO2, kA: 10, kB: 20 ===> 0.071 +- 0.008
GO: molecular_function, MUNDO2, kA: 10, kB: 30 ===> 0.077 +- 0.006
GO: molecular_function, MUNDO2, kA: 10, kB: 40 ===> 0.082 +- 0.006
GO: molecular_function, MUNDO2, kA: 10, kB: 50 ===> 0.087 +- 0.007
GO: molecular_function, MUNDO2, kA: 10, kB: 100 ===> 0.110 +- 0.010
GO: molecular_function, DSD, k: 20 ===> 0.079 +- 0.005
GO: molecular_function, MUNDO2, kA: 20, kB: 10 ===> 0.081 +- 0.004
GO: molecular_function, MUNDO2, kA: 20, kB: 20 ===> 0.089 +- 0.006
GO: molecular_function, MUNDO2, kA: 20, kB: 30 ===> 0.095 +- 0.008
GO: molecular_function, MUNDO2, kA: 20, kB: 40 ===> 0.100 +- 0.010
GO: molecular_function, MUNDO2, kA: 20, kB: 50 ===> 0.103 +- 0.009
GO: molecular_function, MUNDO2, kA: 20, kB: 100 ===> 0.116 +- 0.012
GO: molecular_function, DSD, k: 30 ===> 0.096 +- 0.008
GO: molecular_function, MUNDO2, kA: 30, kB: 10 ===> 0.099 +- 0.007
GO: molecular_function, MUNDO2, kA: 30, kB: 20 ===> 0.103 +- 0.009
GO: molecular_function, MUNDO2, kA: 30, kB: 30 ===> 0.108 +- 0.008
GO: molecular_function, MUNDO2, kA: 30, kB: 40 ===> 0.110 +- 0.010
GO: molecular_function, MUNDO2, kA: 30, kB: 50 ===> 0.113 +- 0.008
GO: molecular_function, MUNDO2, kA: 30, kB: 100 ===> 0.122 +- 0.010
GO: molecular_function, DSD, k: 40 ===> 0.108 +- 0.009
GO: molecular_function, MUNDO2, kA: 40, kB: 10 ===> 0.110 +- 0.008
GO: molecular_function, MUNDO2, kA: 40, kB: 20 ===> 0.111 +- 0.011
GO: molecular_function, MUNDO2, kA: 40, kB: 30 ===> 0.113 +- 0.010
GO: molecular_function, MUNDO2, kA: 40, kB: 40 ===> 0.114 +- 0.010
GO: molecular_function, MUNDO2, kA: 40, kB: 50 ===> 0.117 +- 0.009
GO: molecular_function, MUNDO2, kA: 40, kB: 100 ===> 0.125 +- 0.010
GO: molecular_function, DSD, k: 50 ===> 0.113 +- 0.010
GO: molecular_function, MUNDO2, kA: 50, kB: 10 ===> 0.115 +- 0.010
GO: molecular_function, MUNDO2, kA: 50, kB: 20 ===> 0.118 +- 0.012
GO: molecular_function, MUNDO2, kA: 50, kB: 30 ===> 0.119 +- 0.011
GO: molecular_function, MUNDO2, kA: 50, kB: 40 ===> 0.122 +- 0.012
GO: molecular_function, MUNDO2, kA: 50, kB: 50 ===> 0.124 +- 0.012
GO: molecular_function, MUNDO2, kA: 50, kB: 100 ===> 0.133 +- 0.014
Traceback (most recent call last):
  File "/var/spool/slurm/job42112106/slurm_script", line 276, in <module>
    main(getargs())
  File "/var/spool/slurm/job42112106/slurm_script", line 254, in main
    score = get_scoring(metric)
  File "/var/spool/slurm/job42112106/slurm_script", line 95, in get_scoring
    sfunc = scoring_fcn(all_go_labels, met, **kwargs)
  File "./mundo2/predict_score.py", line 32, in scoring_fcn
    if metric is None:
AssertionError
