[!] Running DSD distance for Species A
[!!] 	Already computed!
[!] Running DSD distance for Species B
[!!] 	Already computed!
[!] Computing the MDS embeddings from the DSD distances for Species A
[!!] 	Already computed!
[!] Computing the MDS embeddings from the DSD distances for Species B
[!!] 	Already computed!
[!] MDS transformed distances between species A and B already computed
GO: molecular_function, DSD, k: 10 ===> 0.018 +- 0.008
GO: molecular_function, MUNDO2, kA: 10, kB: 10 ===> 0.022 +- 0.008
GO: molecular_function, MUNDO2, kA: 10, kB: 20 ===> 0.023 +- 0.007
GO: molecular_function, MUNDO2, kA: 10, kB: 30 ===> 0.017 +- 0.008
GO: molecular_function, MUNDO2, kA: 10, kB: 40 ===> 0.026 +- 0.013
GO: molecular_function, MUNDO2, kA: 10, kB: 50 ===> 0.031 +- 0.012
GO: molecular_function, MUNDO2, kA: 10, kB: 100 ===> 0.053 +- 0.019
GO: molecular_function, DSD, k: 20 ===> 0.035 +- 0.008
GO: molecular_function, MUNDO2, kA: 20, kB: 10 ===> 0.038 +- 0.009
GO: molecular_function, MUNDO2, kA: 20, kB: 20 ===> 0.038 +- 0.007
GO: molecular_function, MUNDO2, kA: 20, kB: 30 ===> 0.033 +- 0.009
GO: molecular_function, MUNDO2, kA: 20, kB: 40 ===> 0.036 +- 0.012
GO: molecular_function, MUNDO2, kA: 20, kB: 50 ===> 0.044 +- 0.012
GO: molecular_function, MUNDO2, kA: 20, kB: 100 ===> 0.078 +- 0.025
GO: molecular_function, DSD, k: 30 ===> 0.048 +- 0.010
GO: molecular_function, MUNDO2, kA: 30, kB: 10 ===> 0.048 +- 0.009
GO: molecular_function, MUNDO2, kA: 30, kB: 20 ===> 0.048 +- 0.010
GO: molecular_function, MUNDO2, kA: 30, kB: 30 ===> 0.047 +- 0.008
GO: molecular_function, MUNDO2, kA: 30, kB: 40 ===> 0.049 +- 0.007
GO: molecular_function, MUNDO2, kA: 30, kB: 50 ===> 0.053 +- 0.006
GO: molecular_function, MUNDO2, kA: 30, kB: 100 ===> 0.075 +- 0.026
GO: molecular_function, DSD, k: 40 ===> 0.062 +- 0.007
GO: molecular_function, MUNDO2, kA: 40, kB: 10 ===> 0.062 +- 0.009
GO: molecular_function, MUNDO2, kA: 40, kB: 20 ===> 0.063 +- 0.006
GO: molecular_function, MUNDO2, kA: 40, kB: 30 ===> 0.060 +- 0.008
GO: molecular_function, MUNDO2, kA: 40, kB: 40 ===> 0.067 +- 0.008
GO: molecular_function, MUNDO2, kA: 40, kB: 50 ===> 0.071 +- 0.011
GO: molecular_function, MUNDO2, kA: 40, kB: 100 ===> 0.091 +- 0.022
GO: molecular_function, DSD, k: 50 ===> 0.076 +- 0.006
GO: molecular_function, MUNDO2, kA: 50, kB: 10 ===> 0.076 +- 0.005
GO: molecular_function, MUNDO2, kA: 50, kB: 20 ===> 0.075 +- 0.006
GO: molecular_function, MUNDO2, kA: 50, kB: 30 ===> 0.074 +- 0.006
GO: molecular_function, MUNDO2, kA: 50, kB: 40 ===> 0.081 +- 0.005
GO: molecular_function, MUNDO2, kA: 50, kB: 50 ===> 0.087 +- 0.010
GO: molecular_function, MUNDO2, kA: 50, kB: 100 ===> 0.111 +- 0.029
GO: molecular_function, DSD, k: 10 ===> 0.016 +- 0.002
GO: molecular_function, MUNDO2, kA: 10, kB: 10 ===> 0.021 +- 0.003
GO: molecular_function, MUNDO2, kA: 10, kB: 20 ===> 0.022 +- 0.003
GO: molecular_function, MUNDO2, kA: 10, kB: 30 ===> 0.022 +- 0.003
GO: molecular_function, MUNDO2, kA: 10, kB: 40 ===> 0.026 +- 0.003
GO: molecular_function, MUNDO2, kA: 10, kB: 50 ===> 0.032 +- 0.002
GO: molecular_function, MUNDO2, kA: 10, kB: 100 ===> 0.053 +- 0.008
GO: molecular_function, DSD, k: 20 ===> 0.030 +- 0.005
GO: molecular_function, MUNDO2, kA: 20, kB: 10 ===> 0.034 +- 0.006
GO: molecular_function, MUNDO2, kA: 20, kB: 20 ===> 0.035 +- 0.005
GO: molecular_function, MUNDO2, kA: 20, kB: 30 ===> 0.033 +- 0.005
GO: molecular_function, MUNDO2, kA: 20, kB: 40 ===> 0.036 +- 0.006
GO: molecular_function, MUNDO2, kA: 20, kB: 50 ===> 0.044 +- 0.007
GO: molecular_function, MUNDO2, kA: 20, kB: 100 ===> 0.064 +- 0.010
GO: molecular_function, DSD, k: 30 ===> 0.039 +- 0.006
GO: molecular_function, MUNDO2, kA: 30, kB: 10 ===> 0.041 +- 0.006
GO: molecular_function, MUNDO2, kA: 30, kB: 20 ===> 0.042 +- 0.005
GO: molecular_function, MUNDO2, kA: 30, kB: 30 ===> 0.041 +- 0.006
GO: molecular_function, MUNDO2, kA: 30, kB: 40 ===> 0.044 +- 0.006
GO: molecular_function, MUNDO2, kA: 30, kB: 50 ===> 0.051 +- 0.007
GO: molecular_function, MUNDO2, kA: 30, kB: 100 ===> 0.068 +- 0.008
GO: molecular_function, DSD, k: 40 ===> 0.050 +- 0.009
GO: molecular_function, MUNDO2, kA: 40, kB: 10 ===> 0.052 +- 0.009
GO: molecular_function, MUNDO2, kA: 40, kB: 20 ===> 0.053 +- 0.008
GO: molecular_function, MUNDO2, kA: 40, kB: 30 ===> 0.052 +- 0.008
GO: molecular_function, MUNDO2, kA: 40, kB: 40 ===> 0.055 +- 0.007
GO: molecular_function, MUNDO2, kA: 40, kB: 50 ===> 0.062 +- 0.007
GO: molecular_function, MUNDO2, kA: 40, kB: 100 ===> 0.077 +- 0.009
GO: molecular_function, DSD, k: 50 ===> 0.061 +- 0.007
GO: molecular_function, MUNDO2, kA: 50, kB: 10 ===> 0.062 +- 0.006
GO: molecular_function, MUNDO2, kA: 50, kB: 20 ===> 0.063 +- 0.006
GO: molecular_function, MUNDO2, kA: 50, kB: 30 ===> 0.062 +- 0.005
GO: molecular_function, MUNDO2, kA: 50, kB: 40 ===> 0.064 +- 0.005
GO: molecular_function, MUNDO2, kA: 50, kB: 50 ===> 0.072 +- 0.007
GO: molecular_function, MUNDO2, kA: 50, kB: 100 ===> 0.086 +- 0.013
GO: molecular_function, DSD, k: 10 ===> 0.356 +- 0.023
GO: molecular_function, MUNDO2, kA: 10, kB: 10 ===> 0.517 +- 0.004
GO: molecular_function, MUNDO2, kA: 10, kB: 20 ===> 0.522 +- 0.002
GO: molecular_function, MUNDO2, kA: 10, kB: 30 ===> 0.527 +- 0.003
GO: molecular_function, MUNDO2, kA: 10, kB: 40 ===> 0.534 +- 0.004
GO: molecular_function, MUNDO2, kA: 10, kB: 50 ===> 0.551 +- 0.006
GO: molecular_function, MUNDO2, kA: 10, kB: 100 ===> 0.571 +- 0.008
GO: molecular_function, DSD, k: 20 ===> 0.496 +- 0.015
GO: molecular_function, MUNDO2, kA: 20, kB: 10 ===> 0.537 +- 0.007
GO: molecular_function, MUNDO2, kA: 20, kB: 20 ===> 0.542 +- 0.006
GO: molecular_function, MUNDO2, kA: 20, kB: 30 ===> 0.544 +- 0.006
GO: molecular_function, MUNDO2, kA: 20, kB: 40 ===> 0.550 +- 0.005
GO: molecular_function, MUNDO2, kA: 20, kB: 50 ===> 0.563 +- 0.005
GO: molecular_function, MUNDO2, kA: 20, kB: 100 ===> 0.581 +- 0.006
GO: molecular_function, DSD, k: 30 ===> 0.538 +- 0.011
GO: molecular_function, MUNDO2, kA: 30, kB: 10 ===> 0.554 +- 0.010
GO: molecular_function, MUNDO2, kA: 30, kB: 20 ===> 0.558 +- 0.009
GO: molecular_function, MUNDO2, kA: 30, kB: 30 ===> 0.560 +- 0.008
GO: molecular_function, MUNDO2, kA: 30, kB: 40 ===> 0.565 +- 0.007
GO: molecular_function, MUNDO2, kA: 30, kB: 50 ===> 0.576 +- 0.008
GO: molecular_function, MUNDO2, kA: 30, kB: 100 ===> 0.592 +- 0.009
GO: molecular_function, DSD, k: 40 ===> 0.559 +- 0.008
GO: molecular_function, MUNDO2, kA: 40, kB: 10 ===> 0.566 +- 0.009
GO: molecular_function, MUNDO2, kA: 40, kB: 20 ===> 0.570 +- 0.008
GO: molecular_function, MUNDO2, kA: 40, kB: 30 ===> 0.571 +- 0.007
GO: molecular_function, MUNDO2, kA: 40, kB: 40 ===> 0.576 +- 0.006
GO: molecular_function, MUNDO2, kA: 40, kB: 50 ===> 0.585 +- 0.007
GO: molecular_function, MUNDO2, kA: 40, kB: 100 ===> 0.600 +- 0.008
GO: molecular_function, DSD, k: 50 ===> 0.571 +- 0.009
GO: molecular_function, MUNDO2, kA: 50, kB: 10 ===> 0.577 +- 0.011
GO: molecular_function, MUNDO2, kA: 50, kB: 20 ===> 0.581 +- 0.011
GO: molecular_function, MUNDO2, kA: 50, kB: 30 ===> 0.582 +- 0.010
GO: molecular_function, MUNDO2, kA: 50, kB: 40 ===> 0.585 +- 0.009
GO: molecular_function, MUNDO2, kA: 50, kB: 50 ===> 0.593 +- 0.008
GO: molecular_function, MUNDO2, kA: 50, kB: 100 ===> 0.606 +- 0.008
GO: molecular_function, DSD, k: 10 ===> 0.028 +- 0.005
GO: molecular_function, MUNDO2, kA: 10, kB: 10 ===> 0.039 +- 0.007
GO: molecular_function, MUNDO2, kA: 10, kB: 20 ===> 0.044 +- 0.007
GO: molecular_function, MUNDO2, kA: 10, kB: 30 ===> 0.046 +- 0.007
GO: molecular_function, MUNDO2, kA: 10, kB: 40 ===> 0.054 +- 0.006
GO: molecular_function, MUNDO2, kA: 10, kB: 50 ===> 0.065 +- 0.006
GO: molecular_function, MUNDO2, kA: 10, kB: 100 ===> 0.102 +- 0.012
GO: molecular_function, DSD, k: 20 ===> 0.053 +- 0.007
GO: molecular_function, MUNDO2, kA: 20, kB: 10 ===> 0.062 +- 0.009
GO: molecular_function, MUNDO2, kA: 20, kB: 20 ===> 0.066 +- 0.008
GO: molecular_function, MUNDO2, kA: 20, kB: 30 ===> 0.066 +- 0.008
GO: molecular_function, MUNDO2, kA: 20, kB: 40 ===> 0.072 +- 0.009
GO: molecular_function, MUNDO2, kA: 20, kB: 50 ===> 0.084 +- 0.010
GO: molecular_function, MUNDO2, kA: 20, kB: 100 ===> 0.114 +- 0.014
GO: molecular_function, DSD, k: 30 ===> 0.070 +- 0.009
GO: molecular_function, MUNDO2, kA: 30, kB: 10 ===> 0.077 +- 0.011
GO: molecular_function, MUNDO2, kA: 30, kB: 20 ===> 0.080 +- 0.010
GO: molecular_function, MUNDO2, kA: 30, kB: 30 ===> 0.080 +- 0.010
GO: molecular_function, MUNDO2, kA: 30, kB: 40 ===> 0.085 +- 0.011
GO: molecular_function, MUNDO2, kA: 30, kB: 50 ===> 0.096 +- 0.012
GO: molecular_function, MUNDO2, kA: 30, kB: 100 ===> 0.122 +- 0.013
GO: molecular_function, DSD, k: 40 ===> 0.087 +- 0.011
GO: molecular_function, MUNDO2, kA: 40, kB: 10 ===> 0.092 +- 0.012
GO: molecular_function, MUNDO2, kA: 40, kB: 20 ===> 0.094 +- 0.011
GO: molecular_function, MUNDO2, kA: 40, kB: 30 ===> 0.095 +- 0.011
GO: molecular_function, MUNDO2, kA: 40, kB: 40 ===> 0.100 +- 0.011
GO: molecular_function, MUNDO2, kA: 40, kB: 50 ===> 0.110 +- 0.011
GO: molecular_function, MUNDO2, kA: 40, kB: 100 ===> 0.132 +- 0.013
GO: molecular_function, DSD, k: 50 ===> 0.102 +- 0.009
GO: molecular_function, MUNDO2, kA: 50, kB: 10 ===> 0.106 +- 0.010
GO: molecular_function, MUNDO2, kA: 50, kB: 20 ===> 0.108 +- 0.009
GO: molecular_function, MUNDO2, kA: 50, kB: 30 ===> 0.108 +- 0.009
GO: molecular_function, MUNDO2, kA: 50, kB: 40 ===> 0.112 +- 0.009
GO: molecular_function, MUNDO2, kA: 50, kB: 50 ===> 0.122 +- 0.012
GO: molecular_function, MUNDO2, kA: 50, kB: 100 ===> 0.143 +- 0.016
GO: biological_process, DSD, k: 10 ===> 0.008 +- 0.004
GO: biological_process, MUNDO2, kA: 10, kB: 10 ===> 0.011 +- 0.005
GO: biological_process, MUNDO2, kA: 10, kB: 20 ===> 0.010 +- 0.005
GO: biological_process, MUNDO2, kA: 10, kB: 30 ===> 0.010 +- 0.006
GO: biological_process, MUNDO2, kA: 10, kB: 40 ===> 0.010 +- 0.006
GO: biological_process, MUNDO2, kA: 10, kB: 50 ===> 0.010 +- 0.004
GO: biological_process, MUNDO2, kA: 10, kB: 100 ===> 0.005 +- 0.003
GO: biological_process, DSD, k: 20 ===> 0.017 +- 0.004
GO: biological_process, MUNDO2, kA: 20, kB: 10 ===> 0.017 +- 0.006
GO: biological_process, MUNDO2, kA: 20, kB: 20 ===> 0.017 +- 0.006
GO: biological_process, MUNDO2, kA: 20, kB: 30 ===> 0.017 +- 0.005
GO: biological_process, MUNDO2, kA: 20, kB: 40 ===> 0.017 +- 0.005
GO: biological_process, MUNDO2, kA: 20, kB: 50 ===> 0.018 +- 0.005
GO: biological_process, MUNDO2, kA: 20, kB: 100 ===> 0.012 +- 0.005
GO: biological_process, DSD, k: 30 ===> 0.016 +- 0.004
GO: biological_process, MUNDO2, kA: 30, kB: 10 ===> 0.017 +- 0.005
GO: biological_process, MUNDO2, kA: 30, kB: 20 ===> 0.017 +- 0.003
GO: biological_process, MUNDO2, kA: 30, kB: 30 ===> 0.017 +- 0.003
GO: biological_process, MUNDO2, kA: 30, kB: 40 ===> 0.017 +- 0.004
GO: biological_process, MUNDO2, kA: 30, kB: 50 ===> 0.018 +- 0.005
GO: biological_process, MUNDO2, kA: 30, kB: 100 ===> 0.016 +- 0.005
GO: biological_process, DSD, k: 40 ===> 0.020 +- 0.006
GO: biological_process, MUNDO2, kA: 40, kB: 10 ===> 0.020 +- 0.006
GO: biological_process, MUNDO2, kA: 40, kB: 20 ===> 0.020 +- 0.005
GO: biological_process, MUNDO2, kA: 40, kB: 30 ===> 0.020 +- 0.006
GO: biological_process, MUNDO2, kA: 40, kB: 40 ===> 0.022 +- 0.005
GO: biological_process, MUNDO2, kA: 40, kB: 50 ===> 0.023 +- 0.005
GO: biological_process, MUNDO2, kA: 40, kB: 100 ===> 0.021 +- 0.005
GO: biological_process, DSD, k: 50 ===> 0.020 +- 0.005
GO: biological_process, MUNDO2, kA: 50, kB: 10 ===> 0.021 +- 0.005
GO: biological_process, MUNDO2, kA: 50, kB: 20 ===> 0.021 +- 0.003
GO: biological_process, MUNDO2, kA: 50, kB: 30 ===> 0.021 +- 0.005
GO: biological_process, MUNDO2, kA: 50, kB: 40 ===> 0.023 +- 0.006
GO: biological_process, MUNDO2, kA: 50, kB: 50 ===> 0.023 +- 0.006
GO: biological_process, MUNDO2, kA: 50, kB: 100 ===> 0.020 +- 0.005
GO: biological_process, DSD, k: 10 ===> 0.004 +- 0.001
GO: biological_process, MUNDO2, kA: 10, kB: 10 ===> 0.005 +- 0.001
GO: biological_process, MUNDO2, kA: 10, kB: 20 ===> 0.006 +- 0.001
GO: biological_process, MUNDO2, kA: 10, kB: 30 ===> 0.006 +- 0.001
GO: biological_process, MUNDO2, kA: 10, kB: 40 ===> 0.006 +- 0.001
GO: biological_process, MUNDO2, kA: 10, kB: 50 ===> 0.006 +- 0.001
GO: biological_process, MUNDO2, kA: 10, kB: 100 ===> 0.007 +- 0.002
GO: biological_process, DSD, k: 20 ===> 0.006 +- 0.001
GO: biological_process, MUNDO2, kA: 20, kB: 10 ===> 0.007 +- 0.001
GO: biological_process, MUNDO2, kA: 20, kB: 20 ===> 0.007 +- 0.001
GO: biological_process, MUNDO2, kA: 20, kB: 30 ===> 0.007 +- 0.001
GO: biological_process, MUNDO2, kA: 20, kB: 40 ===> 0.007 +- 0.001
GO: biological_process, MUNDO2, kA: 20, kB: 50 ===> 0.007 +- 0.001
GO: biological_process, MUNDO2, kA: 20, kB: 100 ===> 0.008 +- 0.001
GO: biological_process, DSD, k: 30 ===> 0.007 +- 0.001
GO: biological_process, MUNDO2, kA: 30, kB: 10 ===> 0.007 +- 0.002
GO: biological_process, MUNDO2, kA: 30, kB: 20 ===> 0.007 +- 0.001
GO: biological_process, MUNDO2, kA: 30, kB: 30 ===> 0.007 +- 0.001
GO: biological_process, MUNDO2, kA: 30, kB: 40 ===> 0.008 +- 0.001
GO: biological_process, MUNDO2, kA: 30, kB: 50 ===> 0.008 +- 0.002
GO: biological_process, MUNDO2, kA: 30, kB: 100 ===> 0.008 +- 0.002
GO: biological_process, DSD, k: 40 ===> 0.007 +- 0.001
GO: biological_process, MUNDO2, kA: 40, kB: 10 ===> 0.008 +- 0.002
GO: biological_process, MUNDO2, kA: 40, kB: 20 ===> 0.008 +- 0.001
GO: biological_process, MUNDO2, kA: 40, kB: 30 ===> 0.008 +- 0.001
GO: biological_process, MUNDO2, kA: 40, kB: 40 ===> 0.009 +- 0.001
GO: biological_process, MUNDO2, kA: 40, kB: 50 ===> 0.009 +- 0.001
GO: biological_process, MUNDO2, kA: 40, kB: 100 ===> 0.009 +- 0.001
GO: biological_process, DSD, k: 50 ===> 0.008 +- 0.001
GO: biological_process, MUNDO2, kA: 50, kB: 10 ===> 0.008 +- 0.001
GO: biological_process, MUNDO2, kA: 50, kB: 20 ===> 0.009 +- 0.001
GO: biological_process, MUNDO2, kA: 50, kB: 30 ===> 0.009 +- 0.001
GO: biological_process, MUNDO2, kA: 50, kB: 40 ===> 0.009 +- 0.001
GO: biological_process, MUNDO2, kA: 50, kB: 50 ===> 0.009 +- 0.001
GO: biological_process, MUNDO2, kA: 50, kB: 100 ===> 0.010 +- 0.001
GO: biological_process, DSD, k: 10 ===> 0.390 +- 0.021
GO: biological_process, MUNDO2, kA: 10, kB: 10 ===> 0.503 +- 0.002
GO: biological_process, MUNDO2, kA: 10, kB: 20 ===> 0.505 +- 0.002
GO: biological_process, MUNDO2, kA: 10, kB: 30 ===> 0.509 +- 0.002
GO: biological_process, MUNDO2, kA: 10, kB: 40 ===> 0.512 +- 0.001
GO: biological_process, MUNDO2, kA: 10, kB: 50 ===> 0.512 +- 0.001
GO: biological_process, MUNDO2, kA: 10, kB: 100 ===> 0.515 +- 0.003
GO: biological_process, DSD, k: 20 ===> 0.492 +- 0.008
GO: biological_process, MUNDO2, kA: 20, kB: 10 ===> 0.512 +- 0.002
GO: biological_process, MUNDO2, kA: 20, kB: 20 ===> 0.513 +- 0.002
GO: biological_process, MUNDO2, kA: 20, kB: 30 ===> 0.515 +- 0.002
GO: biological_process, MUNDO2, kA: 20, kB: 40 ===> 0.517 +- 0.002
GO: biological_process, MUNDO2, kA: 20, kB: 50 ===> 0.518 +- 0.003
GO: biological_process, MUNDO2, kA: 20, kB: 100 ===> 0.520 +- 0.004
GO: biological_process, DSD, k: 30 ===> 0.509 +- 0.003
GO: biological_process, MUNDO2, kA: 30, kB: 10 ===> 0.515 +- 0.002
GO: biological_process, MUNDO2, kA: 30, kB: 20 ===> 0.516 +- 0.002
GO: biological_process, MUNDO2, kA: 30, kB: 30 ===> 0.517 +- 0.002
GO: biological_process, MUNDO2, kA: 30, kB: 40 ===> 0.520 +- 0.003
GO: biological_process, MUNDO2, kA: 30, kB: 50 ===> 0.520 +- 0.003
GO: biological_process, MUNDO2, kA: 30, kB: 100 ===> 0.523 +- 0.005
GO: biological_process, DSD, k: 40 ===> 0.518 +- 0.002
GO: biological_process, MUNDO2, kA: 40, kB: 10 ===> 0.519 +- 0.002
GO: biological_process, MUNDO2, kA: 40, kB: 20 ===> 0.521 +- 0.002
GO: biological_process, MUNDO2, kA: 40, kB: 30 ===> 0.522 +- 0.001
GO: biological_process, MUNDO2, kA: 40, kB: 40 ===> 0.524 +- 0.002
GO: biological_process, MUNDO2, kA: 40, kB: 50 ===> 0.524 +- 0.003
GO: biological_process, MUNDO2, kA: 40, kB: 100 ===> 0.527 +- 0.004
GO: biological_process, DSD, k: 50 ===> 0.522 +- 0.003
GO: biological_process, MUNDO2, kA: 50, kB: 10 ===> 0.523 +- 0.003
GO: biological_process, MUNDO2, kA: 50, kB: 20 ===> 0.524 +- 0.002
GO: biological_process, MUNDO2, kA: 50, kB: 30 ===> 0.525 +- 0.002
GO: biological_process, MUNDO2, kA: 50, kB: 40 ===> 0.527 +- 0.003
GO: biological_process, MUNDO2, kA: 50, kB: 50 ===> 0.527 +- 0.003
GO: biological_process, MUNDO2, kA: 50, kB: 100 ===> 0.530 +- 0.005
GO: biological_process, DSD, k: 10 ===> 0.012 +- 0.002
GO: biological_process, MUNDO2, kA: 10, kB: 10 ===> 0.015 +- 0.002
GO: biological_process, MUNDO2, kA: 10, kB: 20 ===> 0.017 +- 0.002
GO: biological_process, MUNDO2, kA: 10, kB: 30 ===> 0.018 +- 0.002
GO: biological_process, MUNDO2, kA: 10, kB: 40 ===> 0.019 +- 0.002
GO: biological_process, MUNDO2, kA: 10, kB: 50 ===> 0.019 +- 0.002
GO: biological_process, MUNDO2, kA: 10, kB: 100 ===> 0.022 +- 0.004
GO: biological_process, DSD, k: 20 ===> 0.019 +- 0.001
GO: biological_process, MUNDO2, kA: 20, kB: 10 ===> 0.021 +- 0.001
GO: biological_process, MUNDO2, kA: 20, kB: 20 ===> 0.021 +- 0.001
GO: biological_process, MUNDO2, kA: 20, kB: 30 ===> 0.022 +- 0.002
GO: biological_process, MUNDO2, kA: 20, kB: 40 ===> 0.023 +- 0.002
GO: biological_process, MUNDO2, kA: 20, kB: 50 ===> 0.023 +- 0.002
GO: biological_process, MUNDO2, kA: 20, kB: 100 ===> 0.026 +- 0.002
GO: biological_process, DSD, k: 30 ===> 0.022 +- 0.002
GO: biological_process, MUNDO2, kA: 30, kB: 10 ===> 0.023 +- 0.003
GO: biological_process, MUNDO2, kA: 30, kB: 20 ===> 0.024 +- 0.002
GO: biological_process, MUNDO2, kA: 30, kB: 30 ===> 0.024 +- 0.003
GO: biological_process, MUNDO2, kA: 30, kB: 40 ===> 0.025 +- 0.003
GO: biological_process, MUNDO2, kA: 30, kB: 50 ===> 0.026 +- 0.003
GO: biological_process, MUNDO2, kA: 30, kB: 100 ===> 0.028 +- 0.003
GO: biological_process, DSD, k: 40 ===> 0.025 +- 0.003
GO: biological_process, MUNDO2, kA: 40, kB: 10 ===> 0.026 +- 0.003
GO: biological_process, MUNDO2, kA: 40, kB: 20 ===> 0.027 +- 0.003
GO: biological_process, MUNDO2, kA: 40, kB: 30 ===> 0.027 +- 0.002
GO: biological_process, MUNDO2, kA: 40, kB: 40 ===> 0.029 +- 0.002
GO: biological_process, MUNDO2, kA: 40, kB: 50 ===> 0.029 +- 0.003
GO: biological_process, MUNDO2, kA: 40, kB: 100 ===> 0.031 +- 0.002
GO: biological_process, DSD, k: 50 ===> 0.027 +- 0.003
GO: biological_process, MUNDO2, kA: 50, kB: 10 ===> 0.028 +- 0.003
GO: biological_process, MUNDO2, kA: 50, kB: 20 ===> 0.029 +- 0.002
GO: biological_process, MUNDO2, kA: 50, kB: 30 ===> 0.030 +- 0.002
GO: biological_process, MUNDO2, kA: 50, kB: 40 ===> 0.031 +- 0.002
GO: biological_process, MUNDO2, kA: 50, kB: 50 ===> 0.031 +- 0.003
GO: biological_process, MUNDO2, kA: 50, kB: 100 ===> 0.033 +- 0.001
GO: cellular_component, DSD, k: 10 ===> 0.067 +- 0.010
GO: cellular_component, MUNDO2, kA: 10, kB: 10 ===> 0.151 +- 0.025
GO: cellular_component, MUNDO2, kA: 10, kB: 20 ===> 0.162 +- 0.020
GO: cellular_component, MUNDO2, kA: 10, kB: 30 ===> 0.180 +- 0.013
GO: cellular_component, MUNDO2, kA: 10, kB: 40 ===> 0.173 +- 0.017
GO: cellular_component, MUNDO2, kA: 10, kB: 50 ===> 0.168 +- 0.013
GO: cellular_component, MUNDO2, kA: 10, kB: 100 ===> 0.190 +- 0.008
GO: cellular_component, DSD, k: 20 ===> 0.109 +- 0.016
GO: cellular_component, MUNDO2, kA: 20, kB: 10 ===> 0.172 +- 0.025
GO: cellular_component, MUNDO2, kA: 20, kB: 20 ===> 0.179 +- 0.018
GO: cellular_component, MUNDO2, kA: 20, kB: 30 ===> 0.186 +- 0.013
GO: cellular_component, MUNDO2, kA: 20, kB: 40 ===> 0.191 +- 0.015
GO: cellular_component, MUNDO2, kA: 20, kB: 50 ===> 0.176 +- 0.023
GO: cellular_component, MUNDO2, kA: 20, kB: 100 ===> 0.196 +- 0.011
GO: cellular_component, DSD, k: 30 ===> 0.134 +- 0.013
GO: cellular_component, MUNDO2, kA: 30, kB: 10 ===> 0.188 +- 0.020
GO: cellular_component, MUNDO2, kA: 30, kB: 20 ===> 0.183 +- 0.022
GO: cellular_component, MUNDO2, kA: 30, kB: 30 ===> 0.191 +- 0.007
GO: cellular_component, MUNDO2, kA: 30, kB: 40 ===> 0.183 +- 0.011
GO: cellular_component, MUNDO2, kA: 30, kB: 50 ===> 0.179 +- 0.014
GO: cellular_component, MUNDO2, kA: 30, kB: 100 ===> 0.197 +- 0.005
GO: cellular_component, DSD, k: 40 ===> 0.175 +- 0.019
GO: cellular_component, MUNDO2, kA: 40, kB: 10 ===> 0.205 +- 0.024
GO: cellular_component, MUNDO2, kA: 40, kB: 20 ===> 0.202 +- 0.017
GO: cellular_component, MUNDO2, kA: 40, kB: 30 ===> 0.200 +- 0.013
GO: cellular_component, MUNDO2, kA: 40, kB: 40 ===> 0.200 +- 0.011
GO: cellular_component, MUNDO2, kA: 40, kB: 50 ===> 0.194 +- 0.012
GO: cellular_component, MUNDO2, kA: 40, kB: 100 ===> 0.195 +- 0.009
GO: cellular_component, DSD, k: 50 ===> 0.193 +- 0.006
GO: cellular_component, MUNDO2, kA: 50, kB: 10 ===> 0.219 +- 0.019
GO: cellular_component, MUNDO2, kA: 50, kB: 20 ===> 0.217 +- 0.013
GO: cellular_component, MUNDO2, kA: 50, kB: 30 ===> 0.214 +- 0.010
GO: cellular_component, MUNDO2, kA: 50, kB: 40 ===> 0.217 +- 0.010
GO: cellular_component, MUNDO2, kA: 50, kB: 50 ===> 0.211 +- 0.012
GO: cellular_component, MUNDO2, kA: 50, kB: 100 ===> 0.207 +- 0.015
GO: cellular_component, DSD, k: 10 ===> 0.052 +- 0.005
GO: cellular_component, MUNDO2, kA: 10, kB: 10 ===> 0.126 +- 0.016
GO: cellular_component, MUNDO2, kA: 10, kB: 20 ===> 0.147 +- 0.011
GO: cellular_component, MUNDO2, kA: 10, kB: 30 ===> 0.162 +- 0.010
GO: cellular_component, MUNDO2, kA: 10, kB: 40 ===> 0.164 +- 0.009
GO: cellular_component, MUNDO2, kA: 10, kB: 50 ===> 0.166 +- 0.008
GO: cellular_component, MUNDO2, kA: 10, kB: 100 ===> 0.176 +- 0.005
GO: cellular_component, DSD, k: 20 ===> 0.091 +- 0.007
GO: cellular_component, MUNDO2, kA: 20, kB: 10 ===> 0.145 +- 0.013
GO: cellular_component, MUNDO2, kA: 20, kB: 20 ===> 0.161 +- 0.009
GO: cellular_component, MUNDO2, kA: 20, kB: 30 ===> 0.173 +- 0.005
GO: cellular_component, MUNDO2, kA: 20, kB: 40 ===> 0.175 +- 0.006
GO: cellular_component, MUNDO2, kA: 20, kB: 50 ===> 0.175 +- 0.008
GO: cellular_component, MUNDO2, kA: 20, kB: 100 ===> 0.184 +- 0.005
GO: cellular_component, DSD, k: 30 ===> 0.113 +- 0.006
GO: cellular_component, MUNDO2, kA: 30, kB: 10 ===> 0.157 +- 0.012
GO: cellular_component, MUNDO2, kA: 30, kB: 20 ===> 0.169 +- 0.008
GO: cellular_component, MUNDO2, kA: 30, kB: 30 ===> 0.178 +- 0.003
GO: cellular_component, MUNDO2, kA: 30, kB: 40 ===> 0.180 +- 0.005
GO: cellular_component, MUNDO2, kA: 30, kB: 50 ===> 0.183 +- 0.006
GO: cellular_component, MUNDO2, kA: 30, kB: 100 ===> 0.190 +- 0.003
GO: cellular_component, DSD, k: 40 ===> 0.137 +- 0.014
GO: cellular_component, MUNDO2, kA: 40, kB: 10 ===> 0.168 +- 0.015
GO: cellular_component, MUNDO2, kA: 40, kB: 20 ===> 0.178 +- 0.011
GO: cellular_component, MUNDO2, kA: 40, kB: 30 ===> 0.185 +- 0.006
GO: cellular_component, MUNDO2, kA: 40, kB: 40 ===> 0.187 +- 0.007
GO: cellular_component, MUNDO2, kA: 40, kB: 50 ===> 0.190 +- 0.007
GO: cellular_component, MUNDO2, kA: 40, kB: 100 ===> 0.196 +- 0.002
GO: cellular_component, DSD, k: 50 ===> 0.157 +- 0.012
GO: cellular_component, MUNDO2, kA: 50, kB: 10 ===> 0.183 +- 0.013
GO: cellular_component, MUNDO2, kA: 50, kB: 20 ===> 0.189 +- 0.010
GO: cellular_component, MUNDO2, kA: 50, kB: 30 ===> 0.194 +- 0.005
GO: cellular_component, MUNDO2, kA: 50, kB: 40 ===> 0.197 +- 0.007
GO: cellular_component, MUNDO2, kA: 50, kB: 50 ===> 0.200 +- 0.008
GO: cellular_component, MUNDO2, kA: 50, kB: 100 ===> 0.205 +- 0.004
GO: cellular_component, DSD, k: 10 ===> 0.430 +- 0.022
GO: cellular_component, MUNDO2, kA: 10, kB: 10 ===> 0.625 +- 0.008
GO: cellular_component, MUNDO2, kA: 10, kB: 20 ===> 0.647 +- 0.008
GO: cellular_component, MUNDO2, kA: 10, kB: 30 ===> 0.661 +- 0.009
GO: cellular_component, MUNDO2, kA: 10, kB: 40 ===> 0.667 +- 0.010
GO: cellular_component, MUNDO2, kA: 10, kB: 50 ===> 0.672 +- 0.010
GO: cellular_component, MUNDO2, kA: 10, kB: 100 ===> 0.681 +- 0.008
GO: cellular_component, DSD, k: 20 ===> 0.576 +- 0.013
GO: cellular_component, MUNDO2, kA: 20, kB: 10 ===> 0.655 +- 0.005
GO: cellular_component, MUNDO2, kA: 20, kB: 20 ===> 0.672 +- 0.004
GO: cellular_component, MUNDO2, kA: 20, kB: 30 ===> 0.679 +- 0.005
GO: cellular_component, MUNDO2, kA: 20, kB: 40 ===> 0.684 +- 0.007
GO: cellular_component, MUNDO2, kA: 20, kB: 50 ===> 0.688 +- 0.007
GO: cellular_component, MUNDO2, kA: 20, kB: 100 ===> 0.697 +- 0.005
GO: cellular_component, DSD, k: 30 ===> 0.626 +- 0.007
GO: cellular_component, MUNDO2, kA: 30, kB: 10 ===> 0.671 +- 0.002
GO: cellular_component, MUNDO2, kA: 30, kB: 20 ===> 0.685 +- 0.004
GO: cellular_component, MUNDO2, kA: 30, kB: 30 ===> 0.691 +- 0.004
GO: cellular_component, MUNDO2, kA: 30, kB: 40 ===> 0.695 +- 0.004
GO: cellular_component, MUNDO2, kA: 30, kB: 50 ===> 0.699 +- 0.005
GO: cellular_component, MUNDO2, kA: 30, kB: 100 ===> 0.707 +- 0.004
GO: cellular_component, DSD, k: 40 ===> 0.653 +- 0.007
GO: cellular_component, MUNDO2, kA: 40, kB: 10 ===> 0.686 +- 0.004
GO: cellular_component, MUNDO2, kA: 40, kB: 20 ===> 0.698 +- 0.005
GO: cellular_component, MUNDO2, kA: 40, kB: 30 ===> 0.702 +- 0.006
GO: cellular_component, MUNDO2, kA: 40, kB: 40 ===> 0.706 +- 0.006
GO: cellular_component, MUNDO2, kA: 40, kB: 50 ===> 0.708 +- 0.006
GO: cellular_component, MUNDO2, kA: 40, kB: 100 ===> 0.715 +- 0.005
GO: cellular_component, DSD, k: 50 ===> 0.672 +- 0.005
GO: cellular_component, MUNDO2, kA: 50, kB: 10 ===> 0.697 +- 0.005
GO: cellular_component, MUNDO2, kA: 50, kB: 20 ===> 0.706 +- 0.006
GO: cellular_component, MUNDO2, kA: 50, kB: 30 ===> 0.710 +- 0.005
GO: cellular_component, MUNDO2, kA: 50, kB: 40 ===> 0.713 +- 0.006
GO: cellular_component, MUNDO2, kA: 50, kB: 50 ===> 0.715 +- 0.006
GO: cellular_component, MUNDO2, kA: 50, kB: 100 ===> 0.722 +- 0.004
GO: cellular_component, DSD, k: 10 ===> 0.092 +- 0.007
GO: cellular_component, MUNDO2, kA: 10, kB: 10 ===> 0.206 +- 0.018
GO: cellular_component, MUNDO2, kA: 10, kB: 20 ===> 0.235 +- 0.015
GO: cellular_component, MUNDO2, kA: 10, kB: 30 ===> 0.253 +- 0.015
GO: cellular_component, MUNDO2, kA: 10, kB: 40 ===> 0.259 +- 0.013
GO: cellular_component, MUNDO2, kA: 10, kB: 50 ===> 0.263 +- 0.011
GO: cellular_component, MUNDO2, kA: 10, kB: 100 ===> 0.269 +- 0.008
GO: cellular_component, DSD, k: 20 ===> 0.155 +- 0.009
GO: cellular_component, MUNDO2, kA: 20, kB: 10 ===> 0.230 +- 0.012
GO: cellular_component, MUNDO2, kA: 20, kB: 20 ===> 0.254 +- 0.007
GO: cellular_component, MUNDO2, kA: 20, kB: 30 ===> 0.269 +- 0.004
GO: cellular_component, MUNDO2, kA: 20, kB: 40 ===> 0.273 +- 0.004
GO: cellular_component, MUNDO2, kA: 20, kB: 50 ===> 0.276 +- 0.005
GO: cellular_component, MUNDO2, kA: 20, kB: 100 ===> 0.281 +- 0.004
GO: cellular_component, DSD, k: 30 ===> 0.192 +- 0.008
GO: cellular_component, MUNDO2, kA: 30, kB: 10 ===> 0.248 +- 0.012
GO: cellular_component, MUNDO2, kA: 30, kB: 20 ===> 0.267 +- 0.008
GO: cellular_component, MUNDO2, kA: 30, kB: 30 ===> 0.279 +- 0.004
GO: cellular_component, MUNDO2, kA: 30, kB: 40 ===> 0.283 +- 0.006
GO: cellular_component, MUNDO2, kA: 30, kB: 50 ===> 0.287 +- 0.004
GO: cellular_component, MUNDO2, kA: 30, kB: 100 ===> 0.291 +- 0.003
GO: cellular_component, DSD, k: 40 ===> 0.221 +- 0.016
GO: cellular_component, MUNDO2, kA: 40, kB: 10 ===> 0.260 +- 0.015
GO: cellular_component, MUNDO2, kA: 40, kB: 20 ===> 0.277 +- 0.010
GO: cellular_component, MUNDO2, kA: 40, kB: 30 ===> 0.287 +- 0.005
GO: cellular_component, MUNDO2, kA: 40, kB: 40 ===> 0.291 +- 0.006
GO: cellular_component, MUNDO2, kA: 40, kB: 50 ===> 0.295 +- 0.006
GO: cellular_component, MUNDO2, kA: 40, kB: 100 ===> 0.299 +- 0.004
GO: cellular_component, DSD, k: 50 ===> 0.246 +- 0.014
GO: cellular_component, MUNDO2, kA: 50, kB: 10 ===> 0.278 +- 0.014
GO: cellular_component, MUNDO2, kA: 50, kB: 20 ===> 0.289 +- 0.011
GO: cellular_component, MUNDO2, kA: 50, kB: 30 ===> 0.297 +- 0.006
GO: cellular_component, MUNDO2, kA: 50, kB: 40 ===> 0.300 +- 0.008
GO: cellular_component, MUNDO2, kA: 50, kB: 50 ===> 0.304 +- 0.009
GO: cellular_component, MUNDO2, kA: 50, kB: 100 ===> 0.310 +- 0.005
[!] Running DSD distance for Species A
[!!] 	Already computed!
[!] Running DSD distance for Species B
[!!] 	Already computed!
[!] Computing the MDS embeddings from the DSD distances for Species A
[!!] 	Already computed!
[!] Computing the MDS embeddings from the DSD distances for Species B
[!!] 	Already computed!
[!] MDS transformed distances between species A and B already computed
GO: molecular_function, DSD, k: 10 ===> 0.022 +- 0.010
GO: molecular_function, MUNDO2, kA: 10, kB: 10 ===> 0.025 +- 0.013
GO: molecular_function, MUNDO2, kA: 10, kB: 20 ===> 0.028 +- 0.014
GO: molecular_function, MUNDO2, kA: 10, kB: 30 ===> 0.023 +- 0.013
GO: molecular_function, MUNDO2, kA: 10, kB: 40 ===> 0.031 +- 0.015
GO: molecular_function, MUNDO2, kA: 10, kB: 50 ===> 0.033 +- 0.013
GO: molecular_function, MUNDO2, kA: 10, kB: 100 ===> 0.053 +- 0.019
GO: molecular_function, DSD, k: 20 ===> 0.038 +- 0.014
GO: molecular_function, MUNDO2, kA: 20, kB: 10 ===> 0.042 +- 0.015
GO: molecular_function, MUNDO2, kA: 20, kB: 20 ===> 0.042 +- 0.012
GO: molecular_function, MUNDO2, kA: 20, kB: 30 ===> 0.039 +- 0.012
GO: molecular_function, MUNDO2, kA: 20, kB: 40 ===> 0.041 +- 0.014
GO: molecular_function, MUNDO2, kA: 20, kB: 50 ===> 0.047 +- 0.015
GO: molecular_function, MUNDO2, kA: 20, kB: 100 ===> 0.078 +- 0.025
GO: molecular_function, DSD, k: 30 ===> 0.048 +- 0.015
GO: molecular_function, MUNDO2, kA: 30, kB: 10 ===> 0.047 +- 0.014
GO: molecular_function, MUNDO2, kA: 30, kB: 20 ===> 0.047 +- 0.011
GO: molecular_function, MUNDO2, kA: 30, kB: 30 ===> 0.046 +- 0.010
GO: molecular_function, MUNDO2, kA: 30, kB: 40 ===> 0.049 +- 0.011
GO: molecular_function, MUNDO2, kA: 30, kB: 50 ===> 0.052 +- 0.008
GO: molecular_function, MUNDO2, kA: 30, kB: 100 ===> 0.074 +- 0.026
GO: molecular_function, DSD, k: 40 ===> 0.060 +- 0.009
GO: molecular_function, MUNDO2, kA: 40, kB: 10 ===> 0.059 +- 0.011
GO: molecular_function, MUNDO2, kA: 40, kB: 20 ===> 0.060 +- 0.008
GO: molecular_function, MUNDO2, kA: 40, kB: 30 ===> 0.059 +- 0.009
GO: molecular_function, MUNDO2, kA: 40, kB: 40 ===> 0.067 +- 0.010
GO: molecular_function, MUNDO2, kA: 40, kB: 50 ===> 0.069 +- 0.010
GO: molecular_function, MUNDO2, kA: 40, kB: 100 ===> 0.090 +- 0.023
GO: molecular_function, DSD, k: 50 ===> 0.078 +- 0.007
GO: molecular_function, MUNDO2, kA: 50, kB: 10 ===> 0.078 +- 0.006
GO: molecular_function, MUNDO2, kA: 50, kB: 20 ===> 0.077 +- 0.007
GO: molecular_function, MUNDO2, kA: 50, kB: 30 ===> 0.075 +- 0.007
GO: molecular_function, MUNDO2, kA: 50, kB: 40 ===> 0.082 +- 0.006
GO: molecular_function, MUNDO2, kA: 50, kB: 50 ===> 0.088 +- 0.010
GO: molecular_function, MUNDO2, kA: 50, kB: 100 ===> 0.111 +- 0.029
GO: molecular_function, DSD, k: 10 ===> 0.018 +- 0.003
GO: molecular_function, MUNDO2, kA: 10, kB: 10 ===> 0.022 +- 0.005
GO: molecular_function, MUNDO2, kA: 10, kB: 20 ===> 0.024 +- 0.005
GO: molecular_function, MUNDO2, kA: 10, kB: 30 ===> 0.024 +- 0.004
GO: molecular_function, MUNDO2, kA: 10, kB: 40 ===> 0.028 +- 0.004
GO: molecular_function, MUNDO2, kA: 10, kB: 50 ===> 0.034 +- 0.003
GO: molecular_function, MUNDO2, kA: 10, kB: 100 ===> 0.053 +- 0.008
GO: molecular_function, DSD, k: 20 ===> 0.032 +- 0.006
GO: molecular_function, MUNDO2, kA: 20, kB: 10 ===> 0.036 +- 0.007
GO: molecular_function, MUNDO2, kA: 20, kB: 20 ===> 0.037 +- 0.006
GO: molecular_function, MUNDO2, kA: 20, kB: 30 ===> 0.036 +- 0.006
GO: molecular_function, MUNDO2, kA: 20, kB: 40 ===> 0.038 +- 0.007
GO: molecular_function, MUNDO2, kA: 20, kB: 50 ===> 0.046 +- 0.008
GO: molecular_function, MUNDO2, kA: 20, kB: 100 ===> 0.064 +- 0.010
GO: molecular_function, DSD, k: 30 ===> 0.041 +- 0.007
GO: molecular_function, MUNDO2, kA: 30, kB: 10 ===> 0.042 +- 0.008
GO: molecular_function, MUNDO2, kA: 30, kB: 20 ===> 0.043 +- 0.007
GO: molecular_function, MUNDO2, kA: 30, kB: 30 ===> 0.043 +- 0.007
GO: molecular_function, MUNDO2, kA: 30, kB: 40 ===> 0.046 +- 0.007
GO: molecular_function, MUNDO2, kA: 30, kB: 50 ===> 0.052 +- 0.008
GO: molecular_function, MUNDO2, kA: 30, kB: 100 ===> 0.068 +- 0.009
GO: molecular_function, DSD, k: 40 ===> 0.051 +- 0.009
GO: molecular_function, MUNDO2, kA: 40, kB: 10 ===> 0.053 +- 0.009
GO: molecular_function, MUNDO2, kA: 40, kB: 20 ===> 0.053 +- 0.008
GO: molecular_function, MUNDO2, kA: 40, kB: 30 ===> 0.053 +- 0.008
GO: molecular_function, MUNDO2, kA: 40, kB: 40 ===> 0.056 +- 0.007
GO: molecular_function, MUNDO2, kA: 40, kB: 50 ===> 0.063 +- 0.008
GO: molecular_function, MUNDO2, kA: 40, kB: 100 ===> 0.077 +- 0.009
GO: molecular_function, DSD, k: 50 ===> 0.062 +- 0.006
GO: molecular_function, MUNDO2, kA: 50, kB: 10 ===> 0.064 +- 0.006
GO: molecular_function, MUNDO2, kA: 50, kB: 20 ===> 0.064 +- 0.005
GO: molecular_function, MUNDO2, kA: 50, kB: 30 ===> 0.063 +- 0.005
GO: molecular_function, MUNDO2, kA: 50, kB: 40 ===> 0.066 +- 0.005
GO: molecular_function, MUNDO2, kA: 50, kB: 50 ===> 0.073 +- 0.008
GO: molecular_function, MUNDO2, kA: 50, kB: 100 ===> 0.086 +- 0.013
GO: molecular_function, DSD, k: 10 ===> 0.356 +- 0.023
GO: molecular_function, MUNDO2, kA: 10, kB: 10 ===> 0.517 +- 0.004
GO: molecular_function, MUNDO2, kA: 10, kB: 20 ===> 0.522 +- 0.002
GO: molecular_function, MUNDO2, kA: 10, kB: 30 ===> 0.527 +- 0.003
GO: molecular_function, MUNDO2, kA: 10, kB: 40 ===> 0.534 +- 0.004
GO: molecular_function, MUNDO2, kA: 10, kB: 50 ===> 0.551 +- 0.006
GO: molecular_function, MUNDO2, kA: 10, kB: 100 ===> 0.571 +- 0.008
GO: molecular_function, DSD, k: 20 ===> 0.496 +- 0.015
GO: molecular_function, MUNDO2, kA: 20, kB: 10 ===> 0.537 +- 0.007
GO: molecular_function, MUNDO2, kA: 20, kB: 20 ===> 0.542 +- 0.006
GO: molecular_function, MUNDO2, kA: 20, kB: 30 ===> 0.544 +- 0.006
GO: molecular_function, MUNDO2, kA: 20, kB: 40 ===> 0.550 +- 0.005
GO: molecular_function, MUNDO2, kA: 20, kB: 50 ===> 0.563 +- 0.005
GO: molecular_function, MUNDO2, kA: 20, kB: 100 ===> 0.581 +- 0.006
GO: molecular_function, DSD, k: 30 ===> 0.538 +- 0.011
GO: molecular_function, MUNDO2, kA: 30, kB: 10 ===> 0.554 +- 0.010
GO: molecular_function, MUNDO2, kA: 30, kB: 20 ===> 0.558 +- 0.009
GO: molecular_function, MUNDO2, kA: 30, kB: 30 ===> 0.560 +- 0.008
GO: molecular_function, MUNDO2, kA: 30, kB: 40 ===> 0.565 +- 0.007
GO: molecular_function, MUNDO2, kA: 30, kB: 50 ===> 0.576 +- 0.008
GO: molecular_function, MUNDO2, kA: 30, kB: 100 ===> 0.592 +- 0.009
GO: molecular_function, DSD, k: 40 ===> 0.559 +- 0.008
GO: molecular_function, MUNDO2, kA: 40, kB: 10 ===> 0.566 +- 0.009
GO: molecular_function, MUNDO2, kA: 40, kB: 20 ===> 0.570 +- 0.008
GO: molecular_function, MUNDO2, kA: 40, kB: 30 ===> 0.571 +- 0.007
GO: molecular_function, MUNDO2, kA: 40, kB: 40 ===> 0.576 +- 0.006
GO: molecular_function, MUNDO2, kA: 40, kB: 50 ===> 0.585 +- 0.007
GO: molecular_function, MUNDO2, kA: 40, kB: 100 ===> 0.600 +- 0.008
GO: molecular_function, DSD, k: 50 ===> 0.571 +- 0.009
GO: molecular_function, MUNDO2, kA: 50, kB: 10 ===> 0.577 +- 0.011
GO: molecular_function, MUNDO2, kA: 50, kB: 20 ===> 0.581 +- 0.011
GO: molecular_function, MUNDO2, kA: 50, kB: 30 ===> 0.582 +- 0.010
GO: molecular_function, MUNDO2, kA: 50, kB: 40 ===> 0.585 +- 0.009
GO: molecular_function, MUNDO2, kA: 50, kB: 50 ===> 0.593 +- 0.008
GO: molecular_function, MUNDO2, kA: 50, kB: 100 ===> 0.606 +- 0.008
GO: molecular_function, DSD, k: 10 ===> 0.030 +- 0.006
GO: molecular_function, MUNDO2, kA: 10, kB: 10 ===> 0.041 +- 0.008
GO: molecular_function, MUNDO2, kA: 10, kB: 20 ===> 0.046 +- 0.009
GO: molecular_function, MUNDO2, kA: 10, kB: 30 ===> 0.048 +- 0.008
GO: molecular_function, MUNDO2, kA: 10, kB: 40 ===> 0.056 +- 0.007
GO: molecular_function, MUNDO2, kA: 10, kB: 50 ===> 0.067 +- 0.007
GO: molecular_function, MUNDO2, kA: 10, kB: 100 ===> 0.103 +- 0.012
GO: molecular_function, DSD, k: 20 ===> 0.056 +- 0.008
GO: molecular_function, MUNDO2, kA: 20, kB: 10 ===> 0.064 +- 0.011
GO: molecular_function, MUNDO2, kA: 20, kB: 20 ===> 0.068 +- 0.010
GO: molecular_function, MUNDO2, kA: 20, kB: 30 ===> 0.068 +- 0.010
GO: molecular_function, MUNDO2, kA: 20, kB: 40 ===> 0.074 +- 0.010
GO: molecular_function, MUNDO2, kA: 20, kB: 50 ===> 0.086 +- 0.011
GO: molecular_function, MUNDO2, kA: 20, kB: 100 ===> 0.115 +- 0.013
GO: molecular_function, DSD, k: 30 ===> 0.073 +- 0.011
GO: molecular_function, MUNDO2, kA: 30, kB: 10 ===> 0.079 +- 0.012
GO: molecular_function, MUNDO2, kA: 30, kB: 20 ===> 0.082 +- 0.012
GO: molecular_function, MUNDO2, kA: 30, kB: 30 ===> 0.082 +- 0.012
GO: molecular_function, MUNDO2, kA: 30, kB: 40 ===> 0.087 +- 0.012
GO: molecular_function, MUNDO2, kA: 30, kB: 50 ===> 0.098 +- 0.013
GO: molecular_function, MUNDO2, kA: 30, kB: 100 ===> 0.123 +- 0.013
GO: molecular_function, DSD, k: 40 ===> 0.088 +- 0.012
GO: molecular_function, MUNDO2, kA: 40, kB: 10 ===> 0.094 +- 0.013
GO: molecular_function, MUNDO2, kA: 40, kB: 20 ===> 0.096 +- 0.012
GO: molecular_function, MUNDO2, kA: 40, kB: 30 ===> 0.096 +- 0.012
GO: molecular_function, MUNDO2, kA: 40, kB: 40 ===> 0.101 +- 0.012
GO: molecular_function, MUNDO2, kA: 40, kB: 50 ===> 0.111 +- 0.012
GO: molecular_function, MUNDO2, kA: 40, kB: 100 ===> 0.133 +- 0.013
GO: molecular_function, DSD, k: 50 ===> 0.103 +- 0.010
GO: molecular_function, MUNDO2, kA: 50, kB: 10 ===> 0.108 +- 0.011
GO: molecular_function, MUNDO2, kA: 50, kB: 20 ===> 0.110 +- 0.010
GO: molecular_function, MUNDO2, kA: 50, kB: 30 ===> 0.110 +- 0.010
GO: molecular_function, MUNDO2, kA: 50, kB: 40 ===> 0.114 +- 0.010
GO: molecular_function, MUNDO2, kA: 50, kB: 50 ===> 0.123 +- 0.012
GO: molecular_function, MUNDO2, kA: 50, kB: 100 ===> 0.143 +- 0.016
GO: biological_process, DSD, k: 10 ===> 0.012 +- 0.006
GO: biological_process, MUNDO2, kA: 10, kB: 10 ===> 0.013 +- 0.007
GO: biological_process, MUNDO2, kA: 10, kB: 20 ===> 0.012 +- 0.008
GO: biological_process, MUNDO2, kA: 10, kB: 30 ===> 0.012 +- 0.008
GO: biological_process, MUNDO2, kA: 10, kB: 40 ===> 0.012 +- 0.006
GO: biological_process, MUNDO2, kA: 10, kB: 50 ===> 0.012 +- 0.003
GO: biological_process, MUNDO2, kA: 10, kB: 100 ===> 0.006 +- 0.003
GO: biological_process, DSD, k: 20 ===> 0.015 +- 0.003
GO: biological_process, MUNDO2, kA: 20, kB: 10 ===> 0.015 +- 0.003
GO: biological_process, MUNDO2, kA: 20, kB: 20 ===> 0.013 +- 0.003
GO: biological_process, MUNDO2, kA: 20, kB: 30 ===> 0.013 +- 0.002
GO: biological_process, MUNDO2, kA: 20, kB: 40 ===> 0.014 +- 0.003
GO: biological_process, MUNDO2, kA: 20, kB: 50 ===> 0.015 +- 0.002
GO: biological_process, MUNDO2, kA: 20, kB: 100 ===> 0.013 +- 0.004
GO: biological_process, DSD, k: 30 ===> 0.018 +- 0.004
GO: biological_process, MUNDO2, kA: 30, kB: 10 ===> 0.018 +- 0.003
GO: biological_process, MUNDO2, kA: 30, kB: 20 ===> 0.017 +- 0.003
GO: biological_process, MUNDO2, kA: 30, kB: 30 ===> 0.017 +- 0.003
GO: biological_process, MUNDO2, kA: 30, kB: 40 ===> 0.018 +- 0.004
GO: biological_process, MUNDO2, kA: 30, kB: 50 ===> 0.019 +- 0.004
GO: biological_process, MUNDO2, kA: 30, kB: 100 ===> 0.016 +- 0.004
GO: biological_process, DSD, k: 40 ===> 0.021 +- 0.005
GO: biological_process, MUNDO2, kA: 40, kB: 10 ===> 0.021 +- 0.004
GO: biological_process, MUNDO2, kA: 40, kB: 20 ===> 0.020 +- 0.004
GO: biological_process, MUNDO2, kA: 40, kB: 30 ===> 0.021 +- 0.004
GO: biological_process, MUNDO2, kA: 40, kB: 40 ===> 0.023 +- 0.003
GO: biological_process, MUNDO2, kA: 40, kB: 50 ===> 0.024 +- 0.002
GO: biological_process, MUNDO2, kA: 40, kB: 100 ===> 0.021 +- 0.003
GO: biological_process, DSD, k: 50 ===> 0.021 +- 0.002
GO: biological_process, MUNDO2, kA: 50, kB: 10 ===> 0.022 +- 0.002
GO: biological_process, MUNDO2, kA: 50, kB: 20 ===> 0.022 +- 0.003
GO: biological_process, MUNDO2, kA: 50, kB: 30 ===> 0.022 +- 0.002
GO: biological_process, MUNDO2, kA: 50, kB: 40 ===> 0.023 +- 0.002
GO: biological_process, MUNDO2, kA: 50, kB: 50 ===> 0.025 +- 0.004
GO: biological_process, MUNDO2, kA: 50, kB: 100 ===> 0.020 +- 0.004
GO: biological_process, DSD, k: 10 ===> 0.005 +- 0.001
GO: biological_process, MUNDO2, kA: 10, kB: 10 ===> 0.006 +- 0.001
GO: biological_process, MUNDO2, kA: 10, kB: 20 ===> 0.006 +- 0.001
GO: biological_process, MUNDO2, kA: 10, kB: 30 ===> 0.006 +- 0.001
GO: biological_process, MUNDO2, kA: 10, kB: 40 ===> 0.006 +- 0.001
GO: biological_process, MUNDO2, kA: 10, kB: 50 ===> 0.006 +- 0.001
GO: biological_process, MUNDO2, kA: 10, kB: 100 ===> 0.007 +- 0.001
GO: biological_process, DSD, k: 20 ===> 0.007 +- 0.002
GO: biological_process, MUNDO2, kA: 20, kB: 10 ===> 0.007 +- 0.002
GO: biological_process, MUNDO2, kA: 20, kB: 20 ===> 0.007 +- 0.001
GO: biological_process, MUNDO2, kA: 20, kB: 30 ===> 0.007 +- 0.001
GO: biological_process, MUNDO2, kA: 20, kB: 40 ===> 0.008 +- 0.001
GO: biological_process, MUNDO2, kA: 20, kB: 50 ===> 0.008 +- 0.001
GO: biological_process, MUNDO2, kA: 20, kB: 100 ===> 0.008 +- 0.001
GO: biological_process, DSD, k: 30 ===> 0.007 +- 0.002
GO: biological_process, MUNDO2, kA: 30, kB: 10 ===> 0.008 +- 0.002
GO: biological_process, MUNDO2, kA: 30, kB: 20 ===> 0.008 +- 0.002
GO: biological_process, MUNDO2, kA: 30, kB: 30 ===> 0.008 +- 0.002
GO: biological_process, MUNDO2, kA: 30, kB: 40 ===> 0.008 +- 0.002
GO: biological_process, MUNDO2, kA: 30, kB: 50 ===> 0.008 +- 0.002
GO: biological_process, MUNDO2, kA: 30, kB: 100 ===> 0.008 +- 0.001
GO: biological_process, DSD, k: 40 ===> 0.008 +- 0.002
GO: biological_process, MUNDO2, kA: 40, kB: 10 ===> 0.008 +- 0.002
GO: biological_process, MUNDO2, kA: 40, kB: 20 ===> 0.009 +- 0.002
GO: biological_process, MUNDO2, kA: 40, kB: 30 ===> 0.009 +- 0.002
GO: biological_process, MUNDO2, kA: 40, kB: 40 ===> 0.009 +- 0.001
GO: biological_process, MUNDO2, kA: 40, kB: 50 ===> 0.009 +- 0.002
GO: biological_process, MUNDO2, kA: 40, kB: 100 ===> 0.010 +- 0.001
GO: biological_process, DSD, k: 50 ===> 0.008 +- 0.002
GO: biological_process, MUNDO2, kA: 50, kB: 10 ===> 0.009 +- 0.002
GO: biological_process, MUNDO2, kA: 50, kB: 20 ===> 0.009 +- 0.001
GO: biological_process, MUNDO2, kA: 50, kB: 30 ===> 0.009 +- 0.001
GO: biological_process, MUNDO2, kA: 50, kB: 40 ===> 0.010 +- 0.001
GO: biological_process, MUNDO2, kA: 50, kB: 50 ===> 0.010 +- 0.001
GO: biological_process, MUNDO2, kA: 50, kB: 100 ===> 0.010 +- 0.001
GO: biological_process, DSD, k: 10 ===> 0.390 +- 0.021
GO: biological_process, MUNDO2, kA: 10, kB: 10 ===> 0.503 +- 0.002
GO: biological_process, MUNDO2, kA: 10, kB: 20 ===> 0.505 +- 0.002
GO: biological_process, MUNDO2, kA: 10, kB: 30 ===> 0.509 +- 0.002
GO: biological_process, MUNDO2, kA: 10, kB: 40 ===> 0.512 +- 0.001
GO: biological_process, MUNDO2, kA: 10, kB: 50 ===> 0.512 +- 0.001
GO: biological_process, MUNDO2, kA: 10, kB: 100 ===> 0.515 +- 0.003
GO: biological_process, DSD, k: 20 ===> 0.492 +- 0.008
GO: biological_process, MUNDO2, kA: 20, kB: 10 ===> 0.512 +- 0.002
GO: biological_process, MUNDO2, kA: 20, kB: 20 ===> 0.513 +- 0.002
GO: biological_process, MUNDO2, kA: 20, kB: 30 ===> 0.515 +- 0.002
GO: biological_process, MUNDO2, kA: 20, kB: 40 ===> 0.517 +- 0.002
GO: biological_process, MUNDO2, kA: 20, kB: 50 ===> 0.518 +- 0.003
GO: biological_process, MUNDO2, kA: 20, kB: 100 ===> 0.520 +- 0.005
GO: biological_process, DSD, k: 30 ===> 0.509 +- 0.003
GO: biological_process, MUNDO2, kA: 30, kB: 10 ===> 0.515 +- 0.002
GO: biological_process, MUNDO2, kA: 30, kB: 20 ===> 0.516 +- 0.002
GO: biological_process, MUNDO2, kA: 30, kB: 30 ===> 0.517 +- 0.002
GO: biological_process, MUNDO2, kA: 30, kB: 40 ===> 0.520 +- 0.003
GO: biological_process, MUNDO2, kA: 30, kB: 50 ===> 0.520 +- 0.003
GO: biological_process, MUNDO2, kA: 30, kB: 100 ===> 0.523 +- 0.005
GO: biological_process, DSD, k: 40 ===> 0.518 +- 0.002
GO: biological_process, MUNDO2, kA: 40, kB: 10 ===> 0.519 +- 0.002
GO: biological_process, MUNDO2, kA: 40, kB: 20 ===> 0.521 +- 0.002
GO: biological_process, MUNDO2, kA: 40, kB: 30 ===> 0.522 +- 0.001
GO: biological_process, MUNDO2, kA: 40, kB: 40 ===> 0.524 +- 0.002
GO: biological_process, MUNDO2, kA: 40, kB: 50 ===> 0.524 +- 0.003
GO: biological_process, MUNDO2, kA: 40, kB: 100 ===> 0.527 +- 0.004
GO: biological_process, DSD, k: 50 ===> 0.522 +- 0.003
GO: biological_process, MUNDO2, kA: 50, kB: 10 ===> 0.523 +- 0.003
GO: biological_process, MUNDO2, kA: 50, kB: 20 ===> 0.524 +- 0.002
GO: biological_process, MUNDO2, kA: 50, kB: 30 ===> 0.525 +- 0.002
GO: biological_process, MUNDO2, kA: 50, kB: 40 ===> 0.527 +- 0.003
GO: biological_process, MUNDO2, kA: 50, kB: 50 ===> 0.527 +- 0.003
GO: biological_process, MUNDO2, kA: 50, kB: 100 ===> 0.530 +- 0.005
GO: biological_process, DSD, k: 10 ===> 0.013 +- 0.002
GO: biological_process, MUNDO2, kA: 10, kB: 10 ===> 0.016 +- 0.002
GO: biological_process, MUNDO2, kA: 10, kB: 20 ===> 0.018 +- 0.002
GO: biological_process, MUNDO2, kA: 10, kB: 30 ===> 0.018 +- 0.002
GO: biological_process, MUNDO2, kA: 10, kB: 40 ===> 0.020 +- 0.002
GO: biological_process, MUNDO2, kA: 10, kB: 50 ===> 0.020 +- 0.002
GO: biological_process, MUNDO2, kA: 10, kB: 100 ===> 0.023 +- 0.003
GO: biological_process, DSD, k: 20 ===> 0.020 +- 0.002
GO: biological_process, MUNDO2, kA: 20, kB: 10 ===> 0.021 +- 0.002
GO: biological_process, MUNDO2, kA: 20, kB: 20 ===> 0.022 +- 0.001
GO: biological_process, MUNDO2, kA: 20, kB: 30 ===> 0.022 +- 0.002
GO: biological_process, MUNDO2, kA: 20, kB: 40 ===> 0.023 +- 0.002
GO: biological_process, MUNDO2, kA: 20, kB: 50 ===> 0.024 +- 0.003
GO: biological_process, MUNDO2, kA: 20, kB: 100 ===> 0.026 +- 0.002
GO: biological_process, DSD, k: 30 ===> 0.023 +- 0.002
GO: biological_process, MUNDO2, kA: 30, kB: 10 ===> 0.024 +- 0.003
GO: biological_process, MUNDO2, kA: 30, kB: 20 ===> 0.025 +- 0.003
GO: biological_process, MUNDO2, kA: 30, kB: 30 ===> 0.025 +- 0.003
GO: biological_process, MUNDO2, kA: 30, kB: 40 ===> 0.026 +- 0.003
GO: biological_process, MUNDO2, kA: 30, kB: 50 ===> 0.026 +- 0.004
GO: biological_process, MUNDO2, kA: 30, kB: 100 ===> 0.028 +- 0.003
GO: biological_process, DSD, k: 40 ===> 0.026 +- 0.004
GO: biological_process, MUNDO2, kA: 40, kB: 10 ===> 0.027 +- 0.004
GO: biological_process, MUNDO2, kA: 40, kB: 20 ===> 0.028 +- 0.003
GO: biological_process, MUNDO2, kA: 40, kB: 30 ===> 0.028 +- 0.003
GO: biological_process, MUNDO2, kA: 40, kB: 40 ===> 0.029 +- 0.003
GO: biological_process, MUNDO2, kA: 40, kB: 50 ===> 0.029 +- 0.003
GO: biological_process, MUNDO2, kA: 40, kB: 100 ===> 0.031 +- 0.002
GO: biological_process, DSD, k: 50 ===> 0.028 +- 0.004
GO: biological_process, MUNDO2, kA: 50, kB: 10 ===> 0.029 +- 0.004
GO: biological_process, MUNDO2, kA: 50, kB: 20 ===> 0.030 +- 0.003
GO: biological_process, MUNDO2, kA: 50, kB: 30 ===> 0.030 +- 0.003
GO: biological_process, MUNDO2, kA: 50, kB: 40 ===> 0.031 +- 0.003
GO: biological_process, MUNDO2, kA: 50, kB: 50 ===> 0.031 +- 0.003
GO: biological_process, MUNDO2, kA: 50, kB: 100 ===> 0.033 +- 0.001
GO: cellular_component, DSD, k: 10 ===> 0.080 +- 0.011
GO: cellular_component, MUNDO2, kA: 10, kB: 10 ===> 0.165 +- 0.026
GO: cellular_component, MUNDO2, kA: 10, kB: 20 ===> 0.162 +- 0.021
GO: cellular_component, MUNDO2, kA: 10, kB: 30 ===> 0.180 +- 0.013
GO: cellular_component, MUNDO2, kA: 10, kB: 40 ===> 0.173 +- 0.017
GO: cellular_component, MUNDO2, kA: 10, kB: 50 ===> 0.168 +- 0.013
GO: cellular_component, MUNDO2, kA: 10, kB: 100 ===> 0.190 +- 0.008
GO: cellular_component, DSD, k: 20 ===> 0.126 +- 0.016
GO: cellular_component, MUNDO2, kA: 20, kB: 10 ===> 0.183 +- 0.026
GO: cellular_component, MUNDO2, kA: 20, kB: 20 ===> 0.182 +- 0.017
GO: cellular_component, MUNDO2, kA: 20, kB: 30 ===> 0.187 +- 0.013
GO: cellular_component, MUNDO2, kA: 20, kB: 40 ===> 0.191 +- 0.014
GO: cellular_component, MUNDO2, kA: 20, kB: 50 ===> 0.176 +- 0.023
GO: cellular_component, MUNDO2, kA: 20, kB: 100 ===> 0.196 +- 0.010
GO: cellular_component, DSD, k: 30 ===> 0.154 +- 0.017
GO: cellular_component, MUNDO2, kA: 30, kB: 10 ===> 0.194 +- 0.020
GO: cellular_component, MUNDO2, kA: 30, kB: 20 ===> 0.187 +- 0.020
GO: cellular_component, MUNDO2, kA: 30, kB: 30 ===> 0.193 +- 0.007
GO: cellular_component, MUNDO2, kA: 30, kB: 40 ===> 0.185 +- 0.011
GO: cellular_component, MUNDO2, kA: 30, kB: 50 ===> 0.179 +- 0.014
GO: cellular_component, MUNDO2, kA: 30, kB: 100 ===> 0.198 +- 0.006
GO: cellular_component, DSD, k: 40 ===> 0.186 +- 0.019
GO: cellular_component, MUNDO2, kA: 40, kB: 10 ===> 0.209 +- 0.025
GO: cellular_component, MUNDO2, kA: 40, kB: 20 ===> 0.203 +- 0.016
GO: cellular_component, MUNDO2, kA: 40, kB: 30 ===> 0.200 +- 0.014
GO: cellular_component, MUNDO2, kA: 40, kB: 40 ===> 0.201 +- 0.010
GO: cellular_component, MUNDO2, kA: 40, kB: 50 ===> 0.194 +- 0.012
GO: cellular_component, MUNDO2, kA: 40, kB: 100 ===> 0.196 +- 0.010
GO: cellular_component, DSD, k: 50 ===> 0.199 +- 0.009
GO: cellular_component, MUNDO2, kA: 50, kB: 10 ===> 0.221 +- 0.020
GO: cellular_component, MUNDO2, kA: 50, kB: 20 ===> 0.218 +- 0.013
GO: cellular_component, MUNDO2, kA: 50, kB: 30 ===> 0.214 +- 0.012
GO: cellular_component, MUNDO2, kA: 50, kB: 40 ===> 0.217 +- 0.010
GO: cellular_component, MUNDO2, kA: 50, kB: 50 ===> 0.211 +- 0.012
GO: cellular_component, MUNDO2, kA: 50, kB: 100 ===> 0.207 +- 0.014
GO: cellular_component, DSD, k: 10 ===> 0.060 +- 0.006
GO: cellular_component, MUNDO2, kA: 10, kB: 10 ===> 0.131 +- 0.017
GO: cellular_component, MUNDO2, kA: 10, kB: 20 ===> 0.148 +- 0.012
GO: cellular_component, MUNDO2, kA: 10, kB: 30 ===> 0.163 +- 0.011
GO: cellular_component, MUNDO2, kA: 10, kB: 40 ===> 0.164 +- 0.009
GO: cellular_component, MUNDO2, kA: 10, kB: 50 ===> 0.166 +- 0.008
GO: cellular_component, MUNDO2, kA: 10, kB: 100 ===> 0.176 +- 0.005
GO: cellular_component, DSD, k: 20 ===> 0.101 +- 0.007
GO: cellular_component, MUNDO2, kA: 20, kB: 10 ===> 0.150 +- 0.014
GO: cellular_component, MUNDO2, kA: 20, kB: 20 ===> 0.164 +- 0.010
GO: cellular_component, MUNDO2, kA: 20, kB: 30 ===> 0.175 +- 0.006
GO: cellular_component, MUNDO2, kA: 20, kB: 40 ===> 0.176 +- 0.006
GO: cellular_component, MUNDO2, kA: 20, kB: 50 ===> 0.176 +- 0.008
GO: cellular_component, MUNDO2, kA: 20, kB: 100 ===> 0.184 +- 0.005
GO: cellular_component, DSD, k: 30 ===> 0.123 +- 0.007
GO: cellular_component, MUNDO2, kA: 30, kB: 10 ===> 0.161 +- 0.013
GO: cellular_component, MUNDO2, kA: 30, kB: 20 ===> 0.172 +- 0.009
GO: cellular_component, MUNDO2, kA: 30, kB: 30 ===> 0.180 +- 0.004
GO: cellular_component, MUNDO2, kA: 30, kB: 40 ===> 0.181 +- 0.005
GO: cellular_component, MUNDO2, kA: 30, kB: 50 ===> 0.184 +- 0.006
GO: cellular_component, MUNDO2, kA: 30, kB: 100 ===> 0.191 +- 0.002
GO: cellular_component, DSD, k: 40 ===> 0.143 +- 0.013
GO: cellular_component, MUNDO2, kA: 40, kB: 10 ===> 0.171 +- 0.015
GO: cellular_component, MUNDO2, kA: 40, kB: 20 ===> 0.180 +- 0.010
GO: cellular_component, MUNDO2, kA: 40, kB: 30 ===> 0.187 +- 0.006
GO: cellular_component, MUNDO2, kA: 40, kB: 40 ===> 0.189 +- 0.006
GO: cellular_component, MUNDO2, kA: 40, kB: 50 ===> 0.191 +- 0.007
GO: cellular_component, MUNDO2, kA: 40, kB: 100 ===> 0.196 +- 0.002
GO: cellular_component, DSD, k: 50 ===> 0.161 +- 0.011
GO: cellular_component, MUNDO2, kA: 50, kB: 10 ===> 0.184 +- 0.013
GO: cellular_component, MUNDO2, kA: 50, kB: 20 ===> 0.191 +- 0.010
GO: cellular_component, MUNDO2, kA: 50, kB: 30 ===> 0.195 +- 0.005
GO: cellular_component, MUNDO2, kA: 50, kB: 40 ===> 0.198 +- 0.007
GO: cellular_component, MUNDO2, kA: 50, kB: 50 ===> 0.200 +- 0.008
GO: cellular_component, MUNDO2, kA: 50, kB: 100 ===> 0.206 +- 0.004
GO: cellular_component, DSD, k: 10 ===> 0.430 +- 0.022
GO: cellular_component, MUNDO2, kA: 10, kB: 10 ===> 0.625 +- 0.008
GO: cellular_component, MUNDO2, kA: 10, kB: 20 ===> 0.647 +- 0.008
GO: cellular_component, MUNDO2, kA: 10, kB: 30 ===> 0.661 +- 0.009
GO: cellular_component, MUNDO2, kA: 10, kB: 40 ===> 0.667 +- 0.010
GO: cellular_component, MUNDO2, kA: 10, kB: 50 ===> 0.673 +- 0.010
GO: cellular_component, MUNDO2, kA: 10, kB: 100 ===> 0.681 +- 0.008
GO: cellular_component, DSD, k: 20 ===> 0.576 +- 0.013
GO: cellular_component, MUNDO2, kA: 20, kB: 10 ===> 0.656 +- 0.005
GO: cellular_component, MUNDO2, kA: 20, kB: 20 ===> 0.672 +- 0.004
GO: cellular_component, MUNDO2, kA: 20, kB: 30 ===> 0.679 +- 0.005
GO: cellular_component, MUNDO2, kA: 20, kB: 40 ===> 0.684 +- 0.007
GO: cellular_component, MUNDO2, kA: 20, kB: 50 ===> 0.688 +- 0.007
GO: cellular_component, MUNDO2, kA: 20, kB: 100 ===> 0.697 +- 0.005
GO: cellular_component, DSD, k: 30 ===> 0.627 +- 0.007
GO: cellular_component, MUNDO2, kA: 30, kB: 10 ===> 0.672 +- 0.002
GO: cellular_component, MUNDO2, kA: 30, kB: 20 ===> 0.685 +- 0.004
GO: cellular_component, MUNDO2, kA: 30, kB: 30 ===> 0.691 +- 0.004
GO: cellular_component, MUNDO2, kA: 30, kB: 40 ===> 0.695 +- 0.004
GO: cellular_component, MUNDO2, kA: 30, kB: 50 ===> 0.699 +- 0.005
GO: cellular_component, MUNDO2, kA: 30, kB: 100 ===> 0.707 +- 0.004
GO: cellular_component, DSD, k: 40 ===> 0.654 +- 0.007
GO: cellular_component, MUNDO2, kA: 40, kB: 10 ===> 0.686 +- 0.004
GO: cellular_component, MUNDO2, kA: 40, kB: 20 ===> 0.698 +- 0.005
GO: cellular_component, MUNDO2, kA: 40, kB: 30 ===> 0.702 +- 0.006
GO: cellular_component, MUNDO2, kA: 40, kB: 40 ===> 0.706 +- 0.006
GO: cellular_component, MUNDO2, kA: 40, kB: 50 ===> 0.708 +- 0.006
GO: cellular_component, MUNDO2, kA: 40, kB: 100 ===> 0.715 +- 0.005
GO: cellular_component, DSD, k: 50 ===> 0.672 +- 0.005
GO: cellular_component, MUNDO2, kA: 50, kB: 10 ===> 0.697 +- 0.005
GO: cellular_component, MUNDO2, kA: 50, kB: 20 ===> 0.706 +- 0.006
GO: cellular_component, MUNDO2, kA: 50, kB: 30 ===> 0.710 +- 0.005
GO: cellular_component, MUNDO2, kA: 50, kB: 40 ===> 0.713 +- 0.006
GO: cellular_component, MUNDO2, kA: 50, kB: 50 ===> 0.715 +- 0.006
GO: cellular_component, MUNDO2, kA: 50, kB: 100 ===> 0.722 +- 0.004
GO: cellular_component, DSD, k: 10 ===> 0.100 +- 0.008
GO: cellular_component, MUNDO2, kA: 10, kB: 10 ===> 0.210 +- 0.020
GO: cellular_component, MUNDO2, kA: 10, kB: 20 ===> 0.236 +- 0.017
GO: cellular_component, MUNDO2, kA: 10, kB: 30 ===> 0.254 +- 0.017
GO: cellular_component, MUNDO2, kA: 10, kB: 40 ===> 0.260 +- 0.014
GO: cellular_component, MUNDO2, kA: 10, kB: 50 ===> 0.264 +- 0.012
GO: cellular_component, MUNDO2, kA: 10, kB: 100 ===> 0.270 +- 0.009
GO: cellular_component, DSD, k: 20 ===> 0.165 +- 0.009
GO: cellular_component, MUNDO2, kA: 20, kB: 10 ===> 0.236 +- 0.012
GO: cellular_component, MUNDO2, kA: 20, kB: 20 ===> 0.257 +- 0.008
GO: cellular_component, MUNDO2, kA: 20, kB: 30 ===> 0.272 +- 0.005
GO: cellular_component, MUNDO2, kA: 20, kB: 40 ===> 0.275 +- 0.005
GO: cellular_component, MUNDO2, kA: 20, kB: 50 ===> 0.277 +- 0.006
GO: cellular_component, MUNDO2, kA: 20, kB: 100 ===> 0.282 +- 0.005
GO: cellular_component, DSD, k: 30 ===> 0.202 +- 0.009
GO: cellular_component, MUNDO2, kA: 30, kB: 10 ===> 0.252 +- 0.012
GO: cellular_component, MUNDO2, kA: 30, kB: 20 ===> 0.269 +- 0.009
GO: cellular_component, MUNDO2, kA: 30, kB: 30 ===> 0.281 +- 0.005
GO: cellular_component, MUNDO2, kA: 30, kB: 40 ===> 0.285 +- 0.006
GO: cellular_component, MUNDO2, kA: 30, kB: 50 ===> 0.288 +- 0.005
GO: cellular_component, MUNDO2, kA: 30, kB: 100 ===> 0.292 +- 0.003
GO: cellular_component, DSD, k: 40 ===> 0.228 +- 0.015
GO: cellular_component, MUNDO2, kA: 40, kB: 10 ===> 0.264 +- 0.015
GO: cellular_component, MUNDO2, kA: 40, kB: 20 ===> 0.279 +- 0.010
GO: cellular_component, MUNDO2, kA: 40, kB: 30 ===> 0.289 +- 0.005
GO: cellular_component, MUNDO2, kA: 40, kB: 40 ===> 0.293 +- 0.006
GO: cellular_component, MUNDO2, kA: 40, kB: 50 ===> 0.296 +- 0.007
GO: cellular_component, MUNDO2, kA: 40, kB: 100 ===> 0.301 +- 0.004
GO: cellular_component, DSD, k: 50 ===> 0.250 +- 0.014
GO: cellular_component, MUNDO2, kA: 50, kB: 10 ===> 0.280 +- 0.014
GO: cellular_component, MUNDO2, kA: 50, kB: 20 ===> 0.291 +- 0.011
GO: cellular_component, MUNDO2, kA: 50, kB: 30 ===> 0.299 +- 0.007
GO: cellular_component, MUNDO2, kA: 50, kB: 40 ===> 0.302 +- 0.008
GO: cellular_component, MUNDO2, kA: 50, kB: 50 ===> 0.305 +- 0.009
GO: cellular_component, MUNDO2, kA: 50, kB: 100 ===> 0.311 +- 0.005
