[!] Running DSD distance for Species A
[!!] 	Already computed!
[!] Running DSD distance for Species B
[!!] 	Already computed!
[!] Running ISORANK.
[!!] 	Size of the matchfile: 8606
      bakers   rat     score
0       3354  3946  0.120443
1       5089  3946  0.123143
2       6440  3946  0.088307
3       3820  3946  0.066973
4       1211  3946  0.045153
...      ...   ...       ...
8601    3640  1373  0.047313
8602    3839  1373  0.039103
8603    2619  1373  0.037213
8604    6410  1373  0.048879
8605     837  3190  0.154739

[8606 rows x 3 columns]
Computing RKHS for source network... 
Embedding matrices... 
Creating final munk matrix... 
GO: molecular_function, DSD, k: 0 ===> 0.000 +- 0.000
GO: molecular_function, MUNDO-MUNK, kA: 0, kB: 10 ===> 0.015 +- 0.006
GO: molecular_function, MUNDO-MUNK, kA: 0, kB: 20 ===> 0.082 +- 0.017
GO: molecular_function, MUNDO-MUNK, kA: 0, kB: 30 ===> 0.147 +- 0.015
GO: molecular_function, MUNDO-MUNK, kA: 0, kB: 40 ===> 0.173 +- 0.016
GO: molecular_function, MUNDO-MUNK, kA: 0, kB: 50 ===> 0.180 +- 0.017
GO: molecular_function, MUNDO-MUNK, kA: 0, kB: 100 ===> 0.199 +- 0.022
GO: molecular_function, DSD, k: 10 ===> 0.166 +- 0.023
GO: molecular_function, MUNDO-MUNK, kA: 10, kB: 10 ===> 0.190 +- 0.025
GO: molecular_function, MUNDO-MUNK, kA: 10, kB: 20 ===> 0.183 +- 0.021
GO: molecular_function, MUNDO-MUNK, kA: 10, kB: 30 ===> 0.199 +- 0.017
GO: molecular_function, MUNDO-MUNK, kA: 10, kB: 40 ===> 0.200 +- 0.020
GO: molecular_function, MUNDO-MUNK, kA: 10, kB: 50 ===> 0.203 +- 0.020
GO: molecular_function, MUNDO-MUNK, kA: 10, kB: 100 ===> 0.206 +- 0.023
GO: molecular_function, DSD, k: 20 ===> 0.187 +- 0.022
GO: molecular_function, MUNDO-MUNK, kA: 20, kB: 10 ===> 0.197 +- 0.024
GO: molecular_function, MUNDO-MUNK, kA: 20, kB: 20 ===> 0.195 +- 0.028
GO: molecular_function, MUNDO-MUNK, kA: 20, kB: 30 ===> 0.202 +- 0.025
GO: molecular_function, MUNDO-MUNK, kA: 20, kB: 40 ===> 0.203 +- 0.024
GO: molecular_function, MUNDO-MUNK, kA: 20, kB: 50 ===> 0.206 +- 0.022
GO: molecular_function, MUNDO-MUNK, kA: 20, kB: 100 ===> 0.209 +- 0.024
GO: molecular_function, DSD, k: 0 ===> 0.000 +- 0.000
GO: molecular_function, MUNDO-MUNK, kA: 0, kB: 10 ===> 0.016 +- 0.003
GO: molecular_function, MUNDO-MUNK, kA: 0, kB: 20 ===> 0.065 +- 0.010
GO: molecular_function, MUNDO-MUNK, kA: 0, kB: 30 ===> 0.105 +- 0.010
GO: molecular_function, MUNDO-MUNK, kA: 0, kB: 40 ===> 0.121 +- 0.012
GO: molecular_function, MUNDO-MUNK, kA: 0, kB: 50 ===> 0.127 +- 0.013
GO: molecular_function, MUNDO-MUNK, kA: 0, kB: 100 ===> 0.144 +- 0.014
GO: molecular_function, DSD, k: 10 ===> 0.137 +- 0.015
GO: molecular_function, MUNDO-MUNK, kA: 10, kB: 10 ===> 0.149 +- 0.016
GO: molecular_function, MUNDO-MUNK, kA: 10, kB: 20 ===> 0.155 +- 0.012
GO: molecular_function, MUNDO-MUNK, kA: 10, kB: 30 ===> 0.161 +- 0.009
GO: molecular_function, MUNDO-MUNK, kA: 10, kB: 40 ===> 0.160 +- 0.010
GO: molecular_function, MUNDO-MUNK, kA: 10, kB: 50 ===> 0.159 +- 0.011
GO: molecular_function, MUNDO-MUNK, kA: 10, kB: 100 ===> 0.158 +- 0.013
GO: molecular_function, DSD, k: 20 ===> 0.160 +- 0.015
GO: molecular_function, MUNDO-MUNK, kA: 20, kB: 10 ===> 0.164 +- 0.015
GO: molecular_function, MUNDO-MUNK, kA: 20, kB: 20 ===> 0.164 +- 0.013
GO: molecular_function, MUNDO-MUNK, kA: 20, kB: 30 ===> 0.168 +- 0.011
GO: molecular_function, MUNDO-MUNK, kA: 20, kB: 40 ===> 0.167 +- 0.011
GO: molecular_function, MUNDO-MUNK, kA: 20, kB: 50 ===> 0.166 +- 0.012
GO: molecular_function, MUNDO-MUNK, kA: 20, kB: 100 ===> 0.163 +- 0.013
GO: molecular_function, DSD, k: 0 ===> 0.000 +- 0.000
GO: molecular_function, MUNDO-MUNK, kA: 0, kB: 10 ===> 0.179 +- 0.016
GO: molecular_function, MUNDO-MUNK, kA: 0, kB: 20 ===> 0.560 +- 0.007
GO: molecular_function, MUNDO-MUNK, kA: 0, kB: 30 ===> 0.596 +- 0.011
GO: molecular_function, MUNDO-MUNK, kA: 0, kB: 40 ===> 0.615 +- 0.012
GO: molecular_function, MUNDO-MUNK, kA: 0, kB: 50 ===> 0.630 +- 0.012
GO: molecular_function, MUNDO-MUNK, kA: 0, kB: 100 ===> 0.684 +- 0.010
GO: molecular_function, DSD, k: 10 ===> 0.619 +- 0.008
GO: molecular_function, MUNDO-MUNK, kA: 10, kB: 10 ===> 0.621 +- 0.008
GO: molecular_function, MUNDO-MUNK, kA: 10, kB: 20 ===> 0.633 +- 0.009
GO: molecular_function, MUNDO-MUNK, kA: 10, kB: 30 ===> 0.651 +- 0.009
GO: molecular_function, MUNDO-MUNK, kA: 10, kB: 40 ===> 0.664 +- 0.009
GO: molecular_function, MUNDO-MUNK, kA: 10, kB: 50 ===> 0.675 +- 0.010
GO: molecular_function, MUNDO-MUNK, kA: 10, kB: 100 ===> 0.700 +- 0.010
GO: molecular_function, DSD, k: 20 ===> 0.631 +- 0.009
GO: molecular_function, MUNDO-MUNK, kA: 20, kB: 10 ===> 0.632 +- 0.009
GO: molecular_function, MUNDO-MUNK, kA: 20, kB: 20 ===> 0.641 +- 0.009
GO: molecular_function, MUNDO-MUNK, kA: 20, kB: 30 ===> 0.658 +- 0.009
GO: molecular_function, MUNDO-MUNK, kA: 20, kB: 40 ===> 0.671 +- 0.008
GO: molecular_function, MUNDO-MUNK, kA: 20, kB: 50 ===> 0.681 +- 0.009
GO: molecular_function, MUNDO-MUNK, kA: 20, kB: 100 ===> 0.703 +- 0.009
GO: molecular_function, DSD, k: 0 ===> 0.000 +- 0.000
GO: molecular_function, MUNDO-MUNK, kA: 0, kB: 10 ===> 0.028 +- 0.005
GO: molecular_function, MUNDO-MUNK, kA: 0, kB: 20 ===> 0.096 +- 0.013
GO: molecular_function, MUNDO-MUNK, kA: 0, kB: 30 ===> 0.144 +- 0.014
GO: molecular_function, MUNDO-MUNK, kA: 0, kB: 40 ===> 0.160 +- 0.016
GO: molecular_function, MUNDO-MUNK, kA: 0, kB: 50 ===> 0.166 +- 0.016
GO: molecular_function, MUNDO-MUNK, kA: 0, kB: 100 ===> 0.188 +- 0.016
GO: molecular_function, DSD, k: 10 ===> 0.192 +- 0.017
GO: molecular_function, MUNDO-MUNK, kA: 10, kB: 10 ===> 0.204 +- 0.019
GO: molecular_function, MUNDO-MUNK, kA: 10, kB: 20 ===> 0.214 +- 0.016
GO: molecular_function, MUNDO-MUNK, kA: 10, kB: 30 ===> 0.220 +- 0.012
GO: molecular_function, MUNDO-MUNK, kA: 10, kB: 40 ===> 0.218 +- 0.012
GO: molecular_function, MUNDO-MUNK, kA: 10, kB: 50 ===> 0.215 +- 0.013
GO: molecular_function, MUNDO-MUNK, kA: 10, kB: 100 ===> 0.213 +- 0.013
GO: molecular_function, DSD, k: 20 ===> 0.221 +- 0.018
GO: molecular_function, MUNDO-MUNK, kA: 20, kB: 10 ===> 0.225 +- 0.018
GO: molecular_function, MUNDO-MUNK, kA: 20, kB: 20 ===> 0.226 +- 0.016
GO: molecular_function, MUNDO-MUNK, kA: 20, kB: 30 ===> 0.231 +- 0.013
GO: molecular_function, MUNDO-MUNK, kA: 20, kB: 40 ===> 0.228 +- 0.012
GO: molecular_function, MUNDO-MUNK, kA: 20, kB: 50 ===> 0.225 +- 0.013
GO: molecular_function, MUNDO-MUNK, kA: 20, kB: 100 ===> 0.219 +- 0.013
GO: biological_process, DSD, k: 0 ===> 0.000 +- 0.000
GO: biological_process, MUNDO-MUNK, kA: 0, kB: 10 ===> 0.003 +- 0.002
GO: biological_process, MUNDO-MUNK, kA: 0, kB: 20 ===> 0.008 +- 0.003
GO: biological_process, MUNDO-MUNK, kA: 0, kB: 30 ===> 0.009 +- 0.005
GO: biological_process, MUNDO-MUNK, kA: 0, kB: 40 ===> 0.010 +- 0.002
GO: biological_process, MUNDO-MUNK, kA: 0, kB: 50 ===> 0.011 +- 0.002
GO: biological_process, MUNDO-MUNK, kA: 0, kB: 100 ===> 0.018 +- 0.005
GO: biological_process, DSD, k: 10 ===> 0.008 +- 0.002
GO: biological_process, MUNDO-MUNK, kA: 10, kB: 10 ===> 0.008 +- 0.002
GO: biological_process, MUNDO-MUNK, kA: 10, kB: 20 ===> 0.012 +- 0.001
GO: biological_process, MUNDO-MUNK, kA: 10, kB: 30 ===> 0.016 +- 0.002
GO: biological_process, MUNDO-MUNK, kA: 10, kB: 40 ===> 0.018 +- 0.002
GO: biological_process, MUNDO-MUNK, kA: 10, kB: 50 ===> 0.019 +- 0.002
GO: biological_process, MUNDO-MUNK, kA: 10, kB: 100 ===> 0.023 +- 0.004
GO: biological_process, DSD, k: 20 ===> 0.009 +- 0.006
GO: biological_process, MUNDO-MUNK, kA: 20, kB: 10 ===> 0.011 +- 0.007
GO: biological_process, MUNDO-MUNK, kA: 20, kB: 20 ===> 0.015 +- 0.006
GO: biological_process, MUNDO-MUNK, kA: 20, kB: 30 ===> 0.019 +- 0.004
GO: biological_process, MUNDO-MUNK, kA: 20, kB: 40 ===> 0.021 +- 0.005
GO: biological_process, MUNDO-MUNK, kA: 20, kB: 50 ===> 0.022 +- 0.003
GO: biological_process, MUNDO-MUNK, kA: 20, kB: 100 ===> 0.025 +- 0.004
GO: biological_process, DSD, k: 0 ===> 0.000 +- 0.000
GO: biological_process, MUNDO-MUNK, kA: 0, kB: 10 ===> 0.001 +- 0.001
GO: biological_process, MUNDO-MUNK, kA: 0, kB: 20 ===> 0.006 +- 0.002
GO: biological_process, MUNDO-MUNK, kA: 0, kB: 30 ===> 0.009 +- 0.002
GO: biological_process, MUNDO-MUNK, kA: 0, kB: 40 ===> 0.010 +- 0.001
GO: biological_process, MUNDO-MUNK, kA: 0, kB: 50 ===> 0.010 +- 0.001
GO: biological_process, MUNDO-MUNK, kA: 0, kB: 100 ===> 0.013 +- 0.002
GO: biological_process, DSD, k: 10 ===> 0.014 +- 0.004
GO: biological_process, MUNDO-MUNK, kA: 10, kB: 10 ===> 0.014 +- 0.003
GO: biological_process, MUNDO-MUNK, kA: 10, kB: 20 ===> 0.015 +- 0.002
GO: biological_process, MUNDO-MUNK, kA: 10, kB: 30 ===> 0.016 +- 0.001
GO: biological_process, MUNDO-MUNK, kA: 10, kB: 40 ===> 0.016 +- 0.002
GO: biological_process, MUNDO-MUNK, kA: 10, kB: 50 ===> 0.016 +- 0.002
GO: biological_process, MUNDO-MUNK, kA: 10, kB: 100 ===> 0.016 +- 0.002
GO: biological_process, DSD, k: 20 ===> 0.018 +- 0.005
GO: biological_process, MUNDO-MUNK, kA: 20, kB: 10 ===> 0.018 +- 0.005
GO: biological_process, MUNDO-MUNK, kA: 20, kB: 20 ===> 0.019 +- 0.003
GO: biological_process, MUNDO-MUNK, kA: 20, kB: 30 ===> 0.021 +- 0.003
GO: biological_process, MUNDO-MUNK, kA: 20, kB: 40 ===> 0.020 +- 0.003
GO: biological_process, MUNDO-MUNK, kA: 20, kB: 50 ===> 0.021 +- 0.003
GO: biological_process, MUNDO-MUNK, kA: 20, kB: 100 ===> 0.020 +- 0.003
GO: biological_process, DSD, k: 0 ===> 0.000 +- 0.000
GO: biological_process, MUNDO-MUNK, kA: 0, kB: 10 ===> 0.160 +- 0.006
GO: biological_process, MUNDO-MUNK, kA: 0, kB: 20 ===> 0.514 +- 0.003
GO: biological_process, MUNDO-MUNK, kA: 0, kB: 30 ===> 0.530 +- 0.004
GO: biological_process, MUNDO-MUNK, kA: 0, kB: 40 ===> 0.540 +- 0.004
GO: biological_process, MUNDO-MUNK, kA: 0, kB: 50 ===> 0.545 +- 0.005
GO: biological_process, MUNDO-MUNK, kA: 0, kB: 100 ===> 0.571 +- 0.006
GO: biological_process, DSD, k: 10 ===> 0.530 +- 0.007
GO: biological_process, MUNDO-MUNK, kA: 10, kB: 10 ===> 0.531 +- 0.007
GO: biological_process, MUNDO-MUNK, kA: 10, kB: 20 ===> 0.542 +- 0.007
GO: biological_process, MUNDO-MUNK, kA: 10, kB: 30 ===> 0.556 +- 0.006
GO: biological_process, MUNDO-MUNK, kA: 10, kB: 40 ===> 0.565 +- 0.006
GO: biological_process, MUNDO-MUNK, kA: 10, kB: 50 ===> 0.569 +- 0.005
GO: biological_process, MUNDO-MUNK, kA: 10, kB: 100 ===> 0.591 +- 0.006
GO: biological_process, DSD, k: 20 ===> 0.546 +- 0.005
GO: biological_process, MUNDO-MUNK, kA: 20, kB: 10 ===> 0.547 +- 0.005
GO: biological_process, MUNDO-MUNK, kA: 20, kB: 20 ===> 0.556 +- 0.006
GO: biological_process, MUNDO-MUNK, kA: 20, kB: 30 ===> 0.568 +- 0.005
GO: biological_process, MUNDO-MUNK, kA: 20, kB: 40 ===> 0.576 +- 0.005
GO: biological_process, MUNDO-MUNK, kA: 20, kB: 50 ===> 0.580 +- 0.005
GO: biological_process, MUNDO-MUNK, kA: 20, kB: 100 ===> 0.600 +- 0.006
GO: biological_process, DSD, k: 0 ===> 0.000 +- 0.000
GO: biological_process, MUNDO-MUNK, kA: 0, kB: 10 ===> 0.003 +- 0.001
GO: biological_process, MUNDO-MUNK, kA: 0, kB: 20 ===> 0.016 +- 0.003
GO: biological_process, MUNDO-MUNK, kA: 0, kB: 30 ===> 0.024 +- 0.003
GO: biological_process, MUNDO-MUNK, kA: 0, kB: 40 ===> 0.026 +- 0.003
GO: biological_process, MUNDO-MUNK, kA: 0, kB: 50 ===> 0.028 +- 0.003
GO: biological_process, MUNDO-MUNK, kA: 0, kB: 100 ===> 0.034 +- 0.004
GO: biological_process, DSD, k: 10 ===> 0.033 +- 0.007
GO: biological_process, MUNDO-MUNK, kA: 10, kB: 10 ===> 0.034 +- 0.007
GO: biological_process, MUNDO-MUNK, kA: 10, kB: 20 ===> 0.038 +- 0.005
GO: biological_process, MUNDO-MUNK, kA: 10, kB: 30 ===> 0.040 +- 0.004
GO: biological_process, MUNDO-MUNK, kA: 10, kB: 40 ===> 0.040 +- 0.004
GO: biological_process, MUNDO-MUNK, kA: 10, kB: 50 ===> 0.040 +- 0.004
GO: biological_process, MUNDO-MUNK, kA: 10, kB: 100 ===> 0.040 +- 0.004
GO: biological_process, DSD, k: 20 ===> 0.044 +- 0.009
GO: biological_process, MUNDO-MUNK, kA: 20, kB: 10 ===> 0.044 +- 0.008
GO: biological_process, MUNDO-MUNK, kA: 20, kB: 20 ===> 0.047 +- 0.007
GO: biological_process, MUNDO-MUNK, kA: 20, kB: 30 ===> 0.049 +- 0.006
GO: biological_process, MUNDO-MUNK, kA: 20, kB: 40 ===> 0.049 +- 0.006
GO: biological_process, MUNDO-MUNK, kA: 20, kB: 50 ===> 0.049 +- 0.005
GO: biological_process, MUNDO-MUNK, kA: 20, kB: 100 ===> 0.046 +- 0.005
GO: cellular_component, DSD, k: 0 ===> 0.000 +- 0.000
GO: cellular_component, MUNDO-MUNK, kA: 0, kB: 10 ===> 0.045 +- 0.004
GO: cellular_component, MUNDO-MUNK, kA: 0, kB: 20 ===> 0.307 +- 0.022
GO: cellular_component, MUNDO-MUNK, kA: 0, kB: 30 ===> 0.401 +- 0.018
GO: cellular_component, MUNDO-MUNK, kA: 0, kB: 40 ===> 0.429 +- 0.013
GO: cellular_component, MUNDO-MUNK, kA: 0, kB: 50 ===> 0.443 +- 0.015
GO: cellular_component, MUNDO-MUNK, kA: 0, kB: 100 ===> 0.495 +- 0.011
GO: cellular_component, DSD, k: 10 ===> 0.495 +- 0.011
GO: cellular_component, MUNDO-MUNK, kA: 10, kB: 10 ===> 0.499 +- 0.012
GO: cellular_component, MUNDO-MUNK, kA: 10, kB: 20 ===> 0.501 +- 0.011
GO: cellular_component, MUNDO-MUNK, kA: 10, kB: 30 ===> 0.500 +- 0.013
GO: cellular_component, MUNDO-MUNK, kA: 10, kB: 40 ===> 0.499 +- 0.012
GO: cellular_component, MUNDO-MUNK, kA: 10, kB: 50 ===> 0.499 +- 0.011
GO: cellular_component, MUNDO-MUNK, kA: 10, kB: 100 ===> 0.499 +- 0.010
GO: cellular_component, DSD, k: 20 ===> 0.499 +- 0.010
GO: cellular_component, MUNDO-MUNK, kA: 20, kB: 10 ===> 0.501 +- 0.011
GO: cellular_component, MUNDO-MUNK, kA: 20, kB: 20 ===> 0.500 +- 0.013
GO: cellular_component, MUNDO-MUNK, kA: 20, kB: 30 ===> 0.500 +- 0.014
GO: cellular_component, MUNDO-MUNK, kA: 20, kB: 40 ===> 0.500 +- 0.014
GO: cellular_component, MUNDO-MUNK, kA: 20, kB: 50 ===> 0.500 +- 0.011
GO: cellular_component, MUNDO-MUNK, kA: 20, kB: 100 ===> 0.500 +- 0.010
GO: cellular_component, DSD, k: 0 ===> 0.000 +- 0.000
GO: cellular_component, MUNDO-MUNK, kA: 0, kB: 10 ===> 0.064 +- 0.005
GO: cellular_component, MUNDO-MUNK, kA: 0, kB: 20 ===> 0.320 +- 0.017
GO: cellular_component, MUNDO-MUNK, kA: 0, kB: 30 ===> 0.416 +- 0.012
GO: cellular_component, MUNDO-MUNK, kA: 0, kB: 40 ===> 0.450 +- 0.008
GO: cellular_component, MUNDO-MUNK, kA: 0, kB: 50 ===> 0.464 +- 0.009
GO: cellular_component, MUNDO-MUNK, kA: 0, kB: 100 ===> 0.499 +- 0.007
GO: cellular_component, DSD, k: 10 ===> 0.421 +- 0.010
GO: cellular_component, MUNDO-MUNK, kA: 10, kB: 10 ===> 0.431 +- 0.010
GO: cellular_component, MUNDO-MUNK, kA: 10, kB: 20 ===> 0.465 +- 0.006
GO: cellular_component, MUNDO-MUNK, kA: 10, kB: 30 ===> 0.490 +- 0.006
GO: cellular_component, MUNDO-MUNK, kA: 10, kB: 40 ===> 0.501 +- 0.006
GO: cellular_component, MUNDO-MUNK, kA: 10, kB: 50 ===> 0.505 +- 0.006
GO: cellular_component, MUNDO-MUNK, kA: 10, kB: 100 ===> 0.509 +- 0.005
GO: cellular_component, DSD, k: 20 ===> 0.469 +- 0.006
GO: cellular_component, MUNDO-MUNK, kA: 20, kB: 10 ===> 0.473 +- 0.006
GO: cellular_component, MUNDO-MUNK, kA: 20, kB: 20 ===> 0.488 +- 0.006
GO: cellular_component, MUNDO-MUNK, kA: 20, kB: 30 ===> 0.502 +- 0.006
GO: cellular_component, MUNDO-MUNK, kA: 20, kB: 40 ===> 0.508 +- 0.005
GO: cellular_component, MUNDO-MUNK, kA: 20, kB: 50 ===> 0.511 +- 0.006
GO: cellular_component, MUNDO-MUNK, kA: 20, kB: 100 ===> 0.513 +- 0.006
GO: cellular_component, DSD, k: 0 ===> 0.000 +- 0.000
GO: cellular_component, MUNDO-MUNK, kA: 0, kB: 10 ===> 0.217 +- 0.013
GO: cellular_component, MUNDO-MUNK, kA: 0, kB: 20 ===> 0.766 +- 0.004
GO: cellular_component, MUNDO-MUNK, kA: 0, kB: 30 ===> 0.834 +- 0.000
GO: cellular_component, MUNDO-MUNK, kA: 0, kB: 40 ===> 0.853 +- 0.003
GO: cellular_component, MUNDO-MUNK, kA: 0, kB: 50 ===> 0.862 +- 0.003
GO: cellular_component, MUNDO-MUNK, kA: 0, kB: 100 ===> 0.881 +- 0.003
GO: cellular_component, DSD, k: 10 ===> 0.807 +- 0.019
GO: cellular_component, MUNDO-MUNK, kA: 10, kB: 10 ===> 0.818 +- 0.017
GO: cellular_component, MUNDO-MUNK, kA: 10, kB: 20 ===> 0.851 +- 0.008
GO: cellular_component, MUNDO-MUNK, kA: 10, kB: 30 ===> 0.879 +- 0.007
GO: cellular_component, MUNDO-MUNK, kA: 10, kB: 40 ===> 0.891 +- 0.006
GO: cellular_component, MUNDO-MUNK, kA: 10, kB: 50 ===> 0.896 +- 0.006
GO: cellular_component, MUNDO-MUNK, kA: 10, kB: 100 ===> 0.906 +- 0.005
GO: cellular_component, DSD, k: 20 ===> 0.846 +- 0.011
GO: cellular_component, MUNDO-MUNK, kA: 20, kB: 10 ===> 0.852 +- 0.011
GO: cellular_component, MUNDO-MUNK, kA: 20, kB: 20 ===> 0.871 +- 0.009
GO: cellular_component, MUNDO-MUNK, kA: 20, kB: 30 ===> 0.891 +- 0.008
GO: cellular_component, MUNDO-MUNK, kA: 20, kB: 40 ===> 0.900 +- 0.007
GO: cellular_component, MUNDO-MUNK, kA: 20, kB: 50 ===> 0.904 +- 0.007
GO: cellular_component, MUNDO-MUNK, kA: 20, kB: 100 ===> 0.912 +- 0.005
GO: cellular_component, DSD, k: 0 ===> 0.000 +- 0.000
GO: cellular_component, MUNDO-MUNK, kA: 0, kB: 10 ===> 0.093 +- 0.006
GO: cellular_component, MUNDO-MUNK, kA: 0, kB: 20 ===> 0.406 +- 0.014
GO: cellular_component, MUNDO-MUNK, kA: 0, kB: 30 ===> 0.506 +- 0.008
GO: cellular_component, MUNDO-MUNK, kA: 0, kB: 40 ===> 0.540 +- 0.007
GO: cellular_component, MUNDO-MUNK, kA: 0, kB: 50 ===> 0.553 +- 0.006
GO: cellular_component, MUNDO-MUNK, kA: 0, kB: 100 ===> 0.581 +- 0.005
GO: cellular_component, DSD, k: 10 ===> 0.494 +- 0.017
GO: cellular_component, MUNDO-MUNK, kA: 10, kB: 10 ===> 0.506 +- 0.016
GO: cellular_component, MUNDO-MUNK, kA: 10, kB: 20 ===> 0.547 +- 0.009
GO: cellular_component, MUNDO-MUNK, kA: 10, kB: 30 ===> 0.574 +- 0.008
GO: cellular_component, MUNDO-MUNK, kA: 10, kB: 40 ===> 0.585 +- 0.008
GO: cellular_component, MUNDO-MUNK, kA: 10, kB: 50 ===> 0.589 +- 0.007
GO: cellular_component, MUNDO-MUNK, kA: 10, kB: 100 ===> 0.593 +- 0.005
GO: cellular_component, DSD, k: 20 ===> 0.556 +- 0.010
GO: cellular_component, MUNDO-MUNK, kA: 20, kB: 10 ===> 0.561 +- 0.009
GO: cellular_component, MUNDO-MUNK, kA: 20, kB: 20 ===> 0.576 +- 0.008
GO: cellular_component, MUNDO-MUNK, kA: 20, kB: 30 ===> 0.588 +- 0.007
GO: cellular_component, MUNDO-MUNK, kA: 20, kB: 40 ===> 0.594 +- 0.007
GO: cellular_component, MUNDO-MUNK, kA: 20, kB: 50 ===> 0.596 +- 0.007
GO: cellular_component, MUNDO-MUNK, kA: 20, kB: 100 ===> 0.599 +- 0.006
Traceback (most recent call last):
  File "/var/spool/slurm/job42114389/slurm_script", line 262, in <module>
    main(getargs())
  File "/var/spool/slurm/job42114389/slurm_script", line 257, in main
    resultsdf.to_csv(args.output_file, sep="\t", index=None, mode="a", header=not os.path.exists(args.output_file))
  File "/cluster/tufts/cowenlab/.envs/denoise/lib/python3.7/site-packages/pandas/core/generic.py", line 3170, in to_csv
    formatter.save()
  File "/cluster/tufts/cowenlab/.envs/denoise/lib/python3.7/site-packages/pandas/io/formats/csvs.py", line 190, in save
    compression=dict(self.compression_args, method=self.compression),
  File "/cluster/tufts/cowenlab/.envs/denoise/lib/python3.7/site-packages/pandas/io/common.py", line 493, in get_handle
    f = open(path_or_buf, mode, encoding=encoding, errors=errors, newline="")
FileNotFoundError: [Errno 2] No such file or directory: 'outputs/outputs_munk.tsv'
